2026-04-18 00:45:31 DEBUG swing.common.SwingUtils    C:\Users\House Computer\Downloads\idk (Accčs refusé)
2026-04-18 00:45:31 DEBUG swing.common.SwingUtils    C:\Users\House Computer\Downloads\iFogSim-main (Accčs refusé)
2026-04-18 00:45:32 DEBUG swing.common.SwingUtils    C:\Users\House Computer\Downloads\IT-WAVE (Accčs refusé)
2026-04-18 00:45:32 DEBUG swing.common.SwingUtils    C:\Users\House Computer\Downloads\OneDrive_1_10-03-2026 (Accčs refusé)
2026-04-18 00:45:32 DEBUG swing.common.SwingUtils    C:\Users\House Computer\Downloads\OneDrive_1_14-03-2026 (Accčs refusé)
2026-04-18 00:45:32 DEBUG swing.common.SwingUtils    C:\Users\House Computer\Downloads\OneDrive_1_23-03-2026 (Accčs refusé)
2026-04-18 00:45:32 DEBUG swing.common.SwingUtils    C:\Users\House Computer\Downloads\Original_Slit-lamp_Images (Accčs refusé)
2026-04-18 00:45:32 DEBUG swing.common.SwingUtils    C:\Users\House Computer\Downloads\Telegram Desktop (Accčs refusé)
2026-04-18 00:45:32 DEBUG swing.common.SwingUtils    C:\Users\House Computer\Downloads\When the shell speaks,secret reveal themselves (Accčs refusé)
2026-04-18 00:45:46 DEBUG cic.cs.unb.ca.flow.ui.FlowOfflinePane    offline select input C:\Users\House Computer\Documents\real_arp.pcap
2026-04-18 00:46:39 DEBUG cic.cs.unb.ca.flow.ui.FlowOfflinePane    offline select output C:\Users\House Computer\Desktop\Data_Sec
2026-04-18 00:46:41 DEBUG cic.cs.unb.ca.jnetpcap.worker.ReadPcapFileWorker    Working on... C:\Users\House Computer\Documents\real_arp.pcap
2026-04-18 00:46:41 DEBUG cic.cs.unb.ca.jnetpcap.PacketReader    Invalid [0,60,60) range.
JMemory: JMemory@2186fe90class org.jnetpcap.protocol.network.Ip4: size=48 bytes
JMemory: owner=nio.JMemoryPool$Block.class(size=32768/offset=6400)
********************************************************************************
0000:*ff ff ff ff  ff ff f8 e4  e3 70 1d 90  08 06 00 01    .........p......
0010: 08 00 06 04  00 01 f8 e4  e3 70 1d 90  c0 a8 01 08    .........p......
0020: 00 00 00 00  00 00 c0 a8  01 01                       ..........      


2026-04-18 00:46:41 DEBUG cic.cs.unb.ca.jnetpcap.PacketReader    Invalid [0,60,60) range.
JMemory: JMemory@21870038class org.jnetpcap.protocol.network.Ip4: size=48 bytes
JMemory: owner=nio.JMemoryPool$Block.class(size=32768/offset=6824)
********************************************************************************
0000:*ff ff ff ff  ff ff f8 e4  e3 70 1d 90  08 06 00 01    .........p......
0010: 08 00 06 04  00 01 f8 e4  e3 70 1d 90  c0 a8 01 08    .........p......
0020: 00 00 00 00  00 00 c0 a8  01 02                       ..........      


2026-04-18 00:46:41 DEBUG cic.cs.unb.ca.jnetpcap.PacketReader    Invalid [0,60,60) range.
JMemory: JMemory@21870038class org.jnetpcap.protocol.network.Ip4: size=48 bytes
JMemory: owner=nio.JMemoryPool$Block.class(size=32768/offset=6824)
********************************************************************************
0000:*ff ff ff ff  ff ff f8 e4  e3 70 1d 90  08 06 00 01    .........p......
0010: 08 00 06 04  00 01 f8 e4  e3 70 1d 90  c0 a8 01 08    .........p......
0020: 00 00 00 00  00 00 c0 a8  01 01                       ..........      


2026-04-18 00:46:41 DEBUG cic.cs.unb.ca.jnetpcap.PacketReader    Invalid [0,60,60) range.
JMemory: JMemory@218700fcclass org.jnetpcap.protocol.network.Ip4: size=32 bytes
JMemory: owner=nio.JMemoryPool$Block.class(size=32768/offset=7020)
********************************************************************************
0000:*ff ff ff ff  ff ff 3c 33  32 ed e2 1f  08 06 00 01    ......<32......
0010: 08 00 06 04  00 01 3c 33  32 ed e2 1f  c0 a8 01 01    ......<32......
0020: 00 00 00 00  00 00 c0 a8  01 08                       ..........      


2026-04-18 00:46:41 DEBUG cic.cs.unb.ca.jnetpcap.PacketReader    Invalid [0,48,48) range.
JMemory: JMemory@218700fcclass org.jnetpcap.protocol.network.Ip4: size=32 bytes
JMemory: owner=nio.JMemoryPool$Block.class(size=32768/offset=7020)
********************************************************************************
0000:*3c 33 32 ed  e2 1f f8 e4  e3 70 1d 90  08 06 00 01    <32.....p......
0010: 08 00 06 04  00 02 f8 e4  e3 70 1d 90  c0 a8 01 08    .........p......
0020: 3c 33 32 ed  e2 1f c0 a8  01 01                       <32......      


2026-04-18 00:46:41 DEBUG cic.cs.unb.ca.jnetpcap.PacketReader    Invalid [0,60,60) range.
JMemory: JMemory@218701b0class org.jnetpcap.protocol.network.Ip4: size=32 bytes
JMemory: owner=nio.JMemoryPool$Block.class(size=32768/offset=7200)
********************************************************************************
0000:*ff ff ff ff  ff ff f8 e4  e3 70 1d 90  08 06 00 01    .........p......
0010: 08 00 06 04  00 01 f8 e4  e3 70 1d 90  00 00 00 00    .........p......
0020: 00 00 00 00  00 00 c0 a8  01 08                       ..........      


2026-04-18 00:46:41 DEBUG cic.cs.unb.ca.jnetpcap.PacketReader    Invalid [0,60,60) range.
JMemory: JMemory@218701b0class org.jnetpcap.protocol.network.Ip4: size=32 bytes
JMemory: owner=nio.JMemoryPool$Block.class(size=32768/offset=7200)
********************************************************************************
0000:*ff ff ff ff  ff ff f8 e4  e3 70 1d 90  08 06 00 01    .........p......
0010: 08 00 06 04  00 01 f8 e4  e3 70 1d 90  00 00 00 00    .........p......
0020: 00 00 00 00  00 00 c0 a8  01 08                       ..........      


2026-04-18 00:46:41 DEBUG cic.cs.unb.ca.jnetpcap.PacketReader    Invalid [0,60,60) range.
JMemory: JMemory@21870264class org.jnetpcap.protocol.network.Ip4: size=48 bytes
JMemory: owner=nio.JMemoryPool$Block.class(size=32768/offset=7380)
********************************************************************************
0000:*ff ff ff ff  ff ff f8 e4  e3 70 1d 90  08 06 00 01    .........p......
0010: 08 00 06 04  00 01 f8 e4  e3 70 1d 90  00 00 00 00    .........p......
0020: 00 00 00 00  00 00 c0 a8  01 08                       ..........      


2026-04-18 00:46:41 DEBUG cic.cs.unb.ca.jnetpcap.PacketReader    Invalid [0,60,60) range.
JMemory: JMemory@21870264class org.jnetpcap.protocol.network.Ip4: size=48 bytes
JMemory: owner=nio.JMemoryPool$Block.class(size=32768/offset=7380)
********************************************************************************
0000:*ff ff ff ff  ff ff f8 e4  e3 70 1d 90  08 06 00 01    .........p......
0010: 08 00 06 04  00 01 f8 e4  e3 70 1d 90  c0 a8 01 08    .........p......
0020: 00 00 00 00  00 00 c0 a8  01 08                       ..........      


2026-04-18 00:46:41 DEBUG cic.cs.unb.ca.jnetpcap.PacketReader    Invalid [0,60,60) range.
JMemory: JMemory@21870328class org.jnetpcap.protocol.network.Ip4: size=48 bytes
JMemory: owner=nio.JMemoryPool$Block.class(size=32768/offset=7576)
********************************************************************************
0000:*ff ff ff ff  ff ff f8 e4  e3 70 1d 90  08 06 00 01    .........p......
0010: 08 00 06 04  00 01 f8 e4  e3 70 1d 90  c0 a8 01 08    .........p......
0020: 00 00 00 00  00 00 c0 a8  01 08                       ..........      


2026-04-18 00:46:41 DEBUG cic.cs.unb.ca.jnetpcap.PacketReader    Read All packets on C:\Users\House Computer\Documents\real_arp.pcap
2026-04-18 00:46:44 DEBUG cic.cs.unb.ca.jnetpcap.worker.ReadPcapFileWorker    Working on... C:\Users\House Computer\Documents\real_arp.pcap
2026-04-18 00:46:44 DEBUG cic.cs.unb.ca.jnetpcap.PacketReader    Invalid [0,60,60) range.
JMemory: JMemory@21871fe4class org.jnetpcap.protocol.network.Ip4: size=48 bytes
JMemory: owner=nio.JMemoryPool$Block.class(size=32768/offset=14932)
********************************************************************************
0000:*ff ff ff ff  ff ff f8 e4  e3 70 1d 90  08 06 00 01    .........p......
0010: 08 00 06 04  00 01 f8 e4  e3 70 1d 90  c0 a8 01 08    .........p......
0020: 00 00 00 00  00 00 c0 a8  01 01                       ..........      


2026-04-18 00:46:44 DEBUG cic.cs.unb.ca.jnetpcap.PacketReader    Invalid [0,60,60) range.
JMemory: JMemory@2187218cclass org.jnetpcap.protocol.network.Ip4: size=48 bytes
JMemory: owner=nio.JMemoryPool$Block.class(size=32768/offset=15356)
********************************************************************************
0000:*ff ff ff ff  ff ff f8 e4  e3 70 1d 90  08 06 00 01    .........p......
0010: 08 00 06 04  00 01 f8 e4  e3 70 1d 90  c0 a8 01 08    .........p......
0020: 00 00 00 00  00 00 c0 a8  01 02                       ..........      


2026-04-18 00:46:44 DEBUG cic.cs.unb.ca.jnetpcap.PacketReader    Invalid [0,60,60) range.
JMemory: JMemory@2187218cclass org.jnetpcap.protocol.network.Ip4: size=48 bytes
JMemory: owner=nio.JMemoryPool$Block.class(size=32768/offset=15356)
********************************************************************************
0000:*ff ff ff ff  ff ff f8 e4  e3 70 1d 90  08 06 00 01    .........p......
0010: 08 00 06 04  00 01 f8 e4  e3 70 1d 90  c0 a8 01 08    .........p......
0020: 00 00 00 00  00 00 c0 a8  01 01                       ..........      


2026-04-18 00:46:44 DEBUG cic.cs.unb.ca.jnetpcap.PacketReader    Invalid [0,60,60) range.
JMemory: JMemory@21872250class org.jnetpcap.protocol.network.Ip4: size=32 bytes
JMemory: owner=nio.JMemoryPool$Block.class(size=32768/offset=15552)
********************************************************************************
0000:*ff ff ff ff  ff ff 3c 33  32 ed e2 1f  08 06 00 01    ......<32......
0010: 08 00 06 04  00 01 3c 33  32 ed e2 1f  c0 a8 01 01    ......<32......
0020: 00 00 00 00  00 00 c0 a8  01 08                       ..........      


2026-04-18 00:46:44 DEBUG cic.cs.unb.ca.jnetpcap.PacketReader    Invalid [0,48,48) range.
JMemory: JMemory@21872250class org.jnetpcap.protocol.network.Ip4: size=32 bytes
JMemory: owner=nio.JMemoryPool$Block.class(size=32768/offset=15552)
********************************************************************************
0000:*3c 33 32 ed  e2 1f f8 e4  e3 70 1d 90  08 06 00 01    <32.....p......
0010: 08 00 06 04  00 02 f8 e4  e3 70 1d 90  c0 a8 01 08    .........p......
0020: 3c 33 32 ed  e2 1f c0 a8  01 01                       <32......      


2026-04-18 00:46:44 DEBUG cic.cs.unb.ca.jnetpcap.PacketReader    Invalid [0,60,60) range.
JMemory: JMemory@21872304class org.jnetpcap.protocol.network.Ip4: size=32 bytes
JMemory: owner=nio.JMemoryPool$Block.class(size=32768/offset=15732)
********************************************************************************
0000:*ff ff ff ff  ff ff f8 e4  e3 70 1d 90  08 06 00 01    .........p......
0010: 08 00 06 04  00 01 f8 e4  e3 70 1d 90  00 00 00 00    .........p......
0020: 00 00 00 00  00 00 c0 a8  01 08                       ..........      


2026-04-18 00:46:44 DEBUG cic.cs.unb.ca.jnetpcap.PacketReader    Invalid [0,60,60) range.
JMemory: JMemory@21872304class org.jnetpcap.protocol.network.Ip4: size=32 bytes
JMemory: owner=nio.JMemoryPool$Block.class(size=32768/offset=15732)
********************************************************************************
0000:*ff ff ff ff  ff ff f8 e4  e3 70 1d 90  08 06 00 01    .........p......
0010: 08 00 06 04  00 01 f8 e4  e3 70 1d 90  00 00 00 00    .........p......
0020: 00 00 00 00  00 00 c0 a8  01 08                       ..........      


2026-04-18 00:46:44 DEBUG cic.cs.unb.ca.jnetpcap.PacketReader    Invalid [0,60,60) range.
JMemory: JMemory@218723b8class org.jnetpcap.protocol.network.Ip4: size=48 bytes
JMemory: owner=nio.JMemoryPool$Block.class(size=32768/offset=15912)
********************************************************************************
0000:*ff ff ff ff  ff ff f8 e4  e3 70 1d 90  08 06 00 01    .........p......
0010: 08 00 06 04  00 01 f8 e4  e3 70 1d 90  00 00 00 00    .........p......
0020: 00 00 00 00  00 00 c0 a8  01 08                       ..........      


2026-04-18 00:46:44 DEBUG cic.cs.unb.ca.jnetpcap.PacketReader    Invalid [0,60,60) range.
JMemory: JMemory@218723b8class org.jnetpcap.protocol.network.Ip4: size=48 bytes
JMemory: owner=nio.JMemoryPool$Block.class(size=32768/offset=15912)
********************************************************************************
0000:*ff ff ff ff  ff ff f8 e4  e3 70 1d 90  08 06 00 01    .........p......
0010: 08 00 06 04  00 01 f8 e4  e3 70 1d 90  c0 a8 01 08    .........p......
0020: 00 00 00 00  00 00 c0 a8  01 08                       ..........      


2026-04-18 00:46:44 DEBUG cic.cs.unb.ca.jnetpcap.PacketReader    Invalid [0,60,60) range.
JMemory: JMemory@2187247cclass org.jnetpcap.protocol.network.Ip4: size=48 bytes
JMemory: owner=nio.JMemoryPool$Block.class(size=32768/offset=16108)
********************************************************************************
0000:*ff ff ff ff  ff ff f8 e4  e3 70 1d 90  08 06 00 01    .........p......
0010: 08 00 06 04  00 01 f8 e4  e3 70 1d 90  c0 a8 01 08    .........p......
0020: 00 00 00 00  00 00 c0 a8  01 08                       ..........      


2026-04-18 00:46:44 DEBUG cic.cs.unb.ca.jnetpcap.PacketReader    Read All packets on C:\Users\House Computer\Documents\real_arp.pcap
2026-04-18 14:04:27 DEBUG cic.cs.unb.ca.flow.ui.FlowOfflinePane    offline select input C:\Users\House Computer\Documents\inshallah.pcap
2026-04-18 14:04:29 DEBUG cic.cs.unb.ca.jnetpcap.worker.ReadPcapFileWorker    Working on... C:\Users\House Computer\Documents\inshallah.pcap
2026-04-18 14:04:29 DEBUG cic.cs.unb.ca.jnetpcap.PacketReader    Invalid [0,60,60) range.
JMemory: JMemory@218731c8class org.jnetpcap.protocol.network.Ip4: size=48 bytes
JMemory: owner=nio.JMemoryPool$Block.class(size=32768/offset=19512)
********************************************************************************
0000:*ff ff ff ff  ff ff f8 e4  e3 70 1d 90  08 06 00 01    .........p......
0010: 08 00 06 04  00 01 f8 e4  e3 70 1d 90  c0 a8 01 08    .........p......
0020: 00 00 00 00  00 00 c0 a8  01 01                       ..........      


2026-04-18 14:04:29 DEBUG cic.cs.unb.ca.jnetpcap.PacketReader    Invalid [0,60,60) range.
JMemory: JMemory@21873408class org.jnetpcap.protocol.network.Ip4: size=48 bytes
JMemory: owner=nio.JMemoryPool$Block.class(size=32768/offset=20088)
********************************************************************************
0000:*ff ff ff ff  ff ff 3c 33  32 ed e2 1f  08 06 00 01    ......<32......
0010: 08 00 06 04  00 01 3c 33  32 ed e2 1f  c0 a8 01 01    ......<32......
0020: 00 00 00 00  00 00 c0 a8  01 07                       ..........      


2026-04-18 14:04:29 DEBUG cic.cs.unb.ca.jnetpcap.PacketReader    Invalid [0,60,60) range.
JMemory: JMemory@21873490class org.jnetpcap.protocol.network.Ip4: size=48 bytes
JMemory: owner=nio.JMemoryPool$Block.class(size=32768/offset=20224)
********************************************************************************
0000:*ff ff ff ff  ff ff 3c 33  32 ed e2 1f  08 06 00 01    ......<32......
0010: 08 00 06 04  00 01 3c 33  32 ed e2 1f  c0 a8 01 01    ......<32......
0020: 00 00 00 00  00 00 c0 a8  01 07                       ..........      


2026-04-18 14:04:29 DEBUG cic.cs.unb.ca.jnetpcap.PacketReader    Invalid [0,60,60) range.
JMemory: JMemory@21873490class org.jnetpcap.protocol.network.Ip4: size=48 bytes
JMemory: owner=nio.JMemoryPool$Block.class(size=32768/offset=20224)
********************************************************************************
0000:*ff ff ff ff  ff ff 3c 33  32 ed e2 1f  08 06 00 01    ......<32......
0010: 08 00 06 04  00 01 3c 33  32 ed e2 1f  c0 a8 01 01    ......<32......
0020: 00 00 00 00  00 00 c0 a8  01 07                       ..........      


2026-04-18 14:04:29 DEBUG cic.cs.unb.ca.jnetpcap.PacketReader    Invalid [0,60,60) range.
JMemory: JMemory@21873490class org.jnetpcap.protocol.network.Ip4: size=48 bytes
JMemory: owner=nio.JMemoryPool$Block.class(size=32768/offset=20224)
********************************************************************************
0000:*ff ff ff ff  ff ff 64 dd  e9 58 c2 dd  08 06 00 01    ......d..X......
0010: 08 00 06 04  00 01 64 dd  e9 58 c2 dd  c0 a8 01 07    ......d..X......
0020: 00 00 00 00  00 00 c0 a8  01 01                       ..........      


2026-04-18 14:04:30 DEBUG cic.cs.unb.ca.jnetpcap.PacketReader    Invalid [0,60,60) range.
JMemory: JMemory@21873cb0class org.jnetpcap.protocol.network.Ip4: size=48 bytes
JMemory: owner=nio.JMemoryPool$Block.class(size=32768/offset=22304)
********************************************************************************
0000:*ff ff ff ff  ff ff f8 e4  e3 70 1d 90  08 06 00 01    .........p......
0010: 08 00 06 04  00 01 f8 e4  e3 70 1d 90  c0 a8 01 08    .........p......
0020: 00 00 00 00  00 00 c0 a8  01 01                       ..........      


2026-04-18 14:04:30 DEBUG cic.cs.unb.ca.jnetpcap.PacketReader    Invalid [0,60,60) range.
JMemory: JMemory@21876140class org.jnetpcap.protocol.network.Ip4: size=48 bytes
JMemory: owner=nio.JMemoryPool$Block.class(size=32768/offset=31664)
********************************************************************************
0000:*ff ff ff ff  ff ff f8 e4  e3 70 1d 90  08 06 00 01    .........p......
0010: 08 00 06 04  00 01 f8 e4  e3 70 1d 90  c0 a8 01 08    .........p......
0020: 00 00 00 00  00 00 c0 a8  01 01                       ..........      


2026-04-18 14:04:30 DEBUG cic.cs.unb.ca.jnetpcap.PacketReader    Invalid [0,60,60) range.
JMemory: JMemory@21876418class org.jnetpcap.protocol.network.Ip4: size=48 bytes
JMemory: owner=nio.JMemoryPool$Block.class(size=32768/offset=32392)
********************************************************************************
0000:*ff ff ff ff  ff ff 64 dd  e9 58 c2 dd  08 06 00 01    ......d..X......
0010: 08 00 06 04  00 01 64 dd  e9 58 c2 dd  c0 a8 01 07    ......d..X......
0020: 00 00 00 00  00 00 c0 a8  01 09                       ..........      


2026-04-18 14:04:30 DEBUG cic.cs.unb.ca.jnetpcap.PacketReader    Invalid [0,60,60) range.
JMemory: JMemory@2193fcf0class org.jnetpcap.protocol.network.Ip4: size=48 bytes
JMemory: owner=nio.JMemoryPool$Block.class(size=32768/offset=3664)
********************************************************************************
0000:*ff ff ff ff  ff ff f8 e4  e3 70 1d 90  08 06 00 01    .........p......
0010: 08 00 06 04  00 01 f8 e4  e3 70 1d 90  c0 a8 01 08    .........p......
0020: 00 00 00 00  00 00 c0 a8  01 01                       ..........      


2026-04-18 14:04:30 DEBUG cic.cs.unb.ca.jnetpcap.PacketReader    Invalid [0,60,60) range.
JMemory: JMemory@2193ffc8class org.jnetpcap.protocol.network.Ip4: size=48 bytes
JMemory: owner=nio.JMemoryPool$Block.class(size=32768/offset=4392)
********************************************************************************
0000:*ff ff ff ff  ff ff f8 e4  e3 70 1d 90  08 06 00 01    .........p......
0010: 08 00 06 04  00 01 f8 e4  e3 70 1d 90  c0 a8 01 08    .........p......
0020: 00 00 00 00  00 00 c0 a8  01 02                       ..........      


2026-04-18 14:04:30 DEBUG cic.cs.unb.ca.jnetpcap.PacketReader    Invalid [0,60,60) range.
JMemory: JMemory@2193ffc8class org.jnetpcap.protocol.network.Ip4: size=48 bytes
JMemory: owner=nio.JMemoryPool$Block.class(size=32768/offset=4392)
********************************************************************************
0000:*ff ff ff ff  ff ff f8 e4  e3 70 1d 90  08 06 00 01    .........p......
0010: 08 00 06 04  00 01 f8 e4  e3 70 1d 90  c0 a8 01 08    .........p......
0020: 00 00 00 00  00 00 c0 a8  01 01                       ..........      


2026-04-18 14:04:30 DEBUG cic.cs.unb.ca.jnetpcap.PacketReader    Invalid [0,60,60) range.
JMemory: JMemory@2194008cclass org.jnetpcap.protocol.network.Ip4: size=32 bytes
JMemory: owner=nio.JMemoryPool$Block.class(size=32768/offset=4588)
********************************************************************************
0000:*ff ff ff ff  ff ff 3c 33  32 ed e2 1f  08 06 00 01    ......<32......
0010: 08 00 06 04  00 01 3c 33  32 ed e2 1f  c0 a8 01 01    ......<32......
0020: 00 00 00 00  00 00 c0 a8  01 08                       ..........      


2026-04-18 14:04:30 DEBUG cic.cs.unb.ca.jnetpcap.PacketReader    Invalid [0,48,48) range.
JMemory: JMemory@2194008cclass org.jnetpcap.protocol.network.Ip4: size=32 bytes
JMemory: owner=nio.JMemoryPool$Block.class(size=32768/offset=4588)
********************************************************************************
0000:*3c 33 32 ed  e2 1f f8 e4  e3 70 1d 90  08 06 00 01    <32.....p......
0010: 08 00 06 04  00 02 f8 e4  e3 70 1d 90  c0 a8 01 08    .........p......
0020: 3c 33 32 ed  e2 1f c0 a8  01 01                       <32......      


2026-04-18 14:04:30 DEBUG cic.cs.unb.ca.jnetpcap.PacketReader    Invalid [0,60,60) range.
JMemory: JMemory@2194008cclass org.jnetpcap.protocol.network.Ip4: size=32 bytes
JMemory: owner=nio.JMemoryPool$Block.class(size=32768/offset=4588)
********************************************************************************
0000:*ff ff ff ff  ff ff f8 e4  e3 70 1d 90  08 06 00 01    .........p......
0010: 08 00 06 04  00 01 f8 e4  e3 70 1d 90  00 00 00 00    .........p......
0020: 00 00 00 00  00 00 c0 a8  01 08                       ..........      


2026-04-18 14:04:30 DEBUG cic.cs.unb.ca.jnetpcap.PacketReader    Invalid [0,60,60) range.
JMemory: JMemory@2194008cclass org.jnetpcap.protocol.network.Ip4: size=32 bytes
JMemory: owner=nio.JMemoryPool$Block.class(size=32768/offset=4588)
********************************************************************************
0000:*ff ff ff ff  ff ff f8 e4  e3 70 1d 90  08 06 00 01    .........p......
0010: 08 00 06 04  00 01 f8 e4  e3 70 1d 90  c0 a8 01 08    .........p......
0020: 00 00 00 00  00 00 c0 a8  01 02                       ..........      


2026-04-18 14:04:30 DEBUG cic.cs.unb.ca.jnetpcap.PacketReader    Invalid [0,60,60) range.
JMemory: JMemory@2194008cclass org.jnetpcap.protocol.network.Ip4: size=32 bytes
JMemory: owner=nio.JMemoryPool$Block.class(size=32768/offset=4588)
********************************************************************************
0000:*ff ff ff ff  ff ff f8 e4  e3 70 1d 90  08 06 00 01    .........p......
0010: 08 00 06 04  00 01 f8 e4  e3 70 1d 90  00 00 00 00    .........p......
0020: 00 00 00 00  00 00 c0 a8  01 08                       ..........      


2026-04-18 14:04:30 DEBUG cic.cs.unb.ca.jnetpcap.PacketReader    Invalid [0,60,60) range.
JMemory: JMemory@219401f4class org.jnetpcap.protocol.network.Ip4: size=48 bytes
JMemory: owner=nio.JMemoryPool$Block.class(size=32768/offset=4948)
********************************************************************************
0000:*ff ff ff ff  ff ff f8 e4  e3 70 1d 90  08 06 00 01    .........p......
0010: 08 00 06 04  00 01 f8 e4  e3 70 1d 90  c0 a8 01 08    .........p......
0020: 00 00 00 00  00 00 c0 a8  01 02                       ..........      


2026-04-18 14:04:30 DEBUG cic.cs.unb.ca.jnetpcap.PacketReader    Invalid [0,60,60) range.
JMemory: JMemory@2194027cclass org.jnetpcap.protocol.network.Ip4: size=32 bytes
JMemory: owner=nio.JMemoryPool$Block.class(size=32768/offset=5084)
********************************************************************************
0000:*ff ff ff ff  ff ff f8 e4  e3 70 1d 90  08 06 00 01    .........p......
0010: 08 00 06 04  00 01 f8 e4  e3 70 1d 90  00 00 00 00    .........p......
0020: 00 00 00 00  00 00 c0 a8  01 08                       ..........      


2026-04-18 14:04:30 DEBUG cic.cs.unb.ca.jnetpcap.PacketReader    Invalid [0,60,60) range.
JMemory: JMemory@2194027cclass org.jnetpcap.protocol.network.Ip4: size=32 bytes
JMemory: owner=nio.JMemoryPool$Block.class(size=32768/offset=5084)
********************************************************************************
0000:*ff ff ff ff  ff ff f8 e4  e3 70 1d 90  08 06 00 01    .........p......
0010: 08 00 06 04  00 01 f8 e4  e3 70 1d 90  c0 a8 01 08    .........p......
0020: 00 00 00 00  00 00 c0 a8  01 08                       ..........      


2026-04-18 14:04:30 DEBUG cic.cs.unb.ca.jnetpcap.PacketReader    Invalid [0,60,60) range.
JMemory: JMemory@21940330class org.jnetpcap.protocol.network.Ip4: size=48 bytes
JMemory: owner=nio.JMemoryPool$Block.class(size=32768/offset=5264)
********************************************************************************
0000:*ff ff ff ff  ff ff f8 e4  e3 70 1d 90  08 06 00 01    .........p......
0010: 08 00 06 04  00 01 f8 e4  e3 70 1d 90  c0 a8 01 08    .........p......
0020: 00 00 00 00  00 00 c0 a8  01 08                       ..........      


2026-04-18 14:04:30 DEBUG cic.cs.unb.ca.jnetpcap.PacketReader    Invalid [0,60,60) range.
JMemory: JMemory@21940b70class org.jnetpcap.protocol.network.Ip4: size=48 bytes
JMemory: owner=nio.JMemoryPool$Block.class(size=32768/offset=7376)
********************************************************************************
0000:*ff ff ff ff  ff ff f8 e4  e3 70 1d 90  08 06 00 01    .........p......
0010: 08 00 06 04  00 01 f8 e4  e3 70 1d 90  c0 a8 01 08    .........p......
0020: 00 00 00 00  00 00 c0 a8  01 01                       ..........      


2026-04-18 14:04:30 DEBUG cic.cs.unb.ca.jnetpcap.PacketReader    Invalid [0,60,60) range.
JMemory: JMemory@21940bf8class org.jnetpcap.protocol.network.Ip4: size=32 bytes
JMemory: owner=nio.JMemoryPool$Block.class(size=32768/offset=7512)
********************************************************************************
0000:*ff ff ff ff  ff ff f8 e4  e3 70 1d 90  08 06 00 01    .........p......
0010: 08 00 06 04  00 01 f8 e4  e3 70 1d 90  c0 a8 01 08    .........p......
0020: 00 00 00 00  00 00 c0 a8  01 01                       ..........      


2026-04-18 14:04:30 DEBUG cic.cs.unb.ca.jnetpcap.PacketReader    Invalid [0,60,60) range.
JMemory: JMemory@21940c70class org.jnetpcap.protocol.network.Ip4: size=32 bytes
JMemory: owner=nio.JMemoryPool$Block.class(size=32768/offset=7632)
********************************************************************************
0000:*ff ff ff ff  ff ff f8 e4  e3 70 1d 90  08 06 00 01    .........p......
0010: 08 00 06 04  00 01 f8 e4  e3 70 1d 90  c0 a8 01 08    .........p......
0020: 00 00 00 00  00 00 c0 a8  01 01                       ..........      


2026-04-18 14:04:30 DEBUG cic.cs.unb.ca.jnetpcap.PacketReader    Invalid [0,60,60) range.
JMemory: JMemory@21941230class org.jnetpcap.protocol.network.Ip4: size=48 bytes
JMemory: owner=nio.JMemoryPool$Block.class(size=32768/offset=9104)
********************************************************************************
0000:*ff ff ff ff  ff ff f8 e4  e3 70 1d 90  08 06 00 01    .........p......
0010: 08 00 06 04  00 01 f8 e4  e3 70 1d 90  c0 a8 01 08    .........p......
0020: 00 00 00 00  00 00 c0 a8  01 01                       ..........      


2026-04-18 14:04:30 DEBUG cic.cs.unb.ca.jnetpcap.PacketReader    Invalid [0,60,60) range.
JMemory: JMemory@2194171cclass org.jnetpcap.protocol.network.Ip4: size=48 bytes
JMemory: owner=nio.JMemoryPool$Block.class(size=32768/offset=10364)
********************************************************************************
0000:*ff ff ff ff  ff ff f8 e4  e3 70 1d 90  08 06 00 01    .........p......
0010: 08 00 06 04  00 01 f8 e4  e3 70 1d 90  c0 a8 01 08    .........p......
0020: 00 00 00 00  00 00 c0 a8  01 01                       ..........      


2026-04-18 14:04:30 DEBUG cic.cs.unb.ca.jnetpcap.PacketReader    Invalid [0,60,60) range.
JMemory: JMemory@21941bbcclass org.jnetpcap.protocol.network.Ip4: size=48 bytes
JMemory: owner=nio.JMemoryPool$Block.class(size=32768/offset=11548)
********************************************************************************
0000:*ff ff ff ff  ff ff f8 e4  e3 70 1d 90  08 06 00 01    .........p......
0010: 08 00 06 04  00 01 f8 e4  e3 70 1d 90  c0 a8 01 08    .........p......
0020: 00 00 00 00  00 00 c0 a8  01 01                       ..........      


2026-04-18 14:04:30 DEBUG cic.cs.unb.ca.jnetpcap.PacketReader    Invalid [0,60,60) range.
JMemory: JMemory@219420a8class org.jnetpcap.protocol.network.Ip4: size=48 bytes
JMemory: owner=nio.JMemoryPool$Block.class(size=32768/offset=12808)
********************************************************************************
0000:*ff ff ff ff  ff ff f8 e4  e3 70 1d 90  08 06 00 01    .........p......
0010: 08 00 06 04  00 01 f8 e4  e3 70 1d 90  c0 a8 01 08    .........p......
0020: 00 00 00 00  00 00 c0 a8  01 01                       ..........      


2026-04-18 14:04:30 DEBUG cic.cs.unb.ca.jnetpcap.PacketReader    Invalid [0,60,60) range.
JMemory: JMemory@21942594class org.jnetpcap.protocol.network.Ip4: size=48 bytes
JMemory: owner=nio.JMemoryPool$Block.class(size=32768/offset=14068)
********************************************************************************
0000:*ff ff ff ff  ff ff f8 e4  e3 70 1d 90  08 06 00 01    .........p......
0010: 08 00 06 04  00 01 f8 e4  e3 70 1d 90  c0 a8 01 08    .........p......
0020: 00 00 00 00  00 00 c0 a8  01 01                       ..........      


2026-04-18 14:04:30 DEBUG cic.cs.unb.ca.jnetpcap.PacketReader    Invalid [0,60,60) range.
JMemory: JMemory@21942a80class org.jnetpcap.protocol.network.Ip4: size=48 bytes
JMemory: owner=nio.JMemoryPool$Block.class(size=32768/offset=15328)
********************************************************************************
0000:*ff ff ff ff  ff ff f8 e4  e3 70 1d 90  08 06 00 01    .........p......
0010: 08 00 06 04  00 01 f8 e4  e3 70 1d 90  c0 a8 01 08    .........p......
0020: 00 00 00 00  00 00 c0 a8  01 01                       ..........      


2026-04-18 14:04:30 DEBUG cic.cs.unb.ca.jnetpcap.PacketReader    Invalid [0,60,60) range.
JMemory: JMemory@21942f6cclass org.jnetpcap.protocol.network.Ip4: size=48 bytes
JMemory: owner=nio.JMemoryPool$Block.class(size=32768/offset=16588)
********************************************************************************
0000:*ff ff ff ff  ff ff f8 e4  e3 70 1d 90  08 06 00 01    .........p......
0010: 08 00 06 04  00 01 f8 e4  e3 70 1d 90  c0 a8 01 08    .........p......
0020: 00 00 00 00  00 00 c0 a8  01 01                       ..........      


2026-04-18 14:04:30 DEBUG cic.cs.unb.ca.jnetpcap.PacketReader    Invalid [0,60,60) range.
JMemory: JMemory@21943458class org.jnetpcap.protocol.network.Ip4: size=48 bytes
JMemory: owner=nio.JMemoryPool$Block.class(size=32768/offset=17848)
********************************************************************************
0000:*ff ff ff ff  ff ff f8 e4  e3 70 1d 90  08 06 00 01    .........p......
0010: 08 00 06 04  00 01 f8 e4  e3 70 1d 90  c0 a8 01 08    .........p......
0020: 00 00 00 00  00 00 c0 a8  01 01                       ..........      


2026-04-18 14:04:30 DEBUG cic.cs.unb.ca.jnetpcap.PacketReader    Invalid [0,60,60) range.
JMemory: JMemory@219438f8class org.jnetpcap.protocol.network.Ip4: size=48 bytes
JMemory: owner=nio.JMemoryPool$Block.class(size=32768/offset=19032)
********************************************************************************
0000:*ff ff ff ff  ff ff f8 e4  e3 70 1d 90  08 06 00 01    .........p......
0010: 08 00 06 04  00 01 f8 e4  e3 70 1d 90  c0 a8 01 08    .........p......
0020: 00 00 00 00  00 00 c0 a8  01 01                       ..........      


2026-04-18 14:04:30 DEBUG cic.cs.unb.ca.jnetpcap.PacketReader    Invalid [0,60,60) range.
JMemory: JMemory@21943d98class org.jnetpcap.protocol.network.Ip4: size=48 bytes
JMemory: owner=nio.JMemoryPool$Block.class(size=32768/offset=20216)
********************************************************************************
0000:*ff ff ff ff  ff ff f8 e4  e3 70 1d 90  08 06 00 01    .........p......
0010: 08 00 06 04  00 01 f8 e4  e3 70 1d 90  c0 a8 01 08    .........p......
0020: 00 00 00 00  00 00 c0 a8  01 01                       ..........      


2026-04-18 14:04:30 DEBUG cic.cs.unb.ca.jnetpcap.PacketReader    Invalid [0,60,60) range.
JMemory: JMemory@219446f8class org.jnetpcap.protocol.network.Ip4: size=48 bytes
JMemory: owner=nio.JMemoryPool$Block.class(size=32768/offset=22616)
********************************************************************************
0000:*ff ff ff ff  ff ff f8 e4  e3 70 1d 90  08 06 00 01    .........p......
0010: 08 00 06 04  00 01 f8 e4  e3 70 1d 90  c0 a8 01 08    .........p......
0020: 00 00 00 00  00 00 c0 a8  01 01                       ..........      


2026-04-18 14:04:30 DEBUG cic.cs.unb.ca.jnetpcap.PacketReader    Invalid [0,60,60) range.
JMemory: JMemory@21945188class org.jnetpcap.protocol.network.Ip4: size=48 bytes
JMemory: owner=nio.JMemoryPool$Block.class(size=32768/offset=25320)
********************************************************************************
0000:*ff ff ff ff  ff ff f8 e4  e3 70 1d 90  08 06 00 01    .........p......
0010: 08 00 06 04  00 01 f8 e4  e3 70 1d 90  c0 a8 01 08    .........p......
0020: 00 00 00 00  00 00 c0 a8  01 01                       ..........      


2026-04-18 14:04:30 DEBUG cic.cs.unb.ca.jnetpcap.PacketReader    Invalid [0,60,60) range.
JMemory: JMemory@21945298class org.jnetpcap.protocol.network.Ip4: size=48 bytes
JMemory: owner=nio.JMemoryPool$Block.class(size=32768/offset=25592)
********************************************************************************
0000:*ff ff ff ff  ff ff a2 6f  57 dc 9a 16  08 06 00 01    .......oW.......
0010: 08 00 06 04  00 01 a2 6f  57 dc 9a 16  c0 a8 01 06    .......oW.......
0020: 00 00 00 00  00 00 c0 a8  01 01                       ..........      


2026-04-18 14:04:30 DEBUG cic.cs.unb.ca.jnetpcap.PacketReader    Invalid [0,60,60) range.
JMemory: JMemory@2194607cclass org.jnetpcap.protocol.network.Ip4: size=48 bytes
JMemory: owner=nio.JMemoryPool$Block.class(size=32768/offset=29148)
********************************************************************************
0000:*ff ff ff ff  ff ff a2 6f  57 dc 9a 16  08 06 00 01    .......oW.......
0010: 08 00 06 04  00 01 a2 6f  57 dc 9a 16  c0 a8 01 06    .......oW.......
0020: 00 00 00 00  00 00 c0 a8  01 01                       ..........      


2026-04-18 14:04:30 DEBUG cic.cs.unb.ca.jnetpcap.PacketReader    Invalid [0,60,60) range.
JMemory: JMemory@21946234class org.jnetpcap.protocol.network.Ip4: size=48 bytes
JMemory: owner=nio.JMemoryPool$Block.class(size=32768/offset=29588)
********************************************************************************
0000:*ff ff ff ff  ff ff f8 e4  e3 70 1d 90  08 06 00 01    .........p......
0010: 08 00 06 04  00 01 f8 e4  e3 70 1d 90  c0 a8 01 08    .........p......
0020: 00 00 00 00  00 00 c0 a8  01 01                       ..........      


2026-04-18 14:04:30 DEBUG cic.cs.unb.ca.jnetpcap.PacketReader    Invalid [0,60,60) range.
JMemory: JMemory@21947334class org.jnetpcap.protocol.network.Ip4: size=48 bytes
JMemory: owner=nio.JMemoryPool$Block.class(size=32768/offset=1156)
********************************************************************************
0000:*ff ff ff ff  ff ff a2 6f  57 dc 9a 16  08 06 00 01    .......oW.......
0010: 08 00 06 04  00 01 a2 6f  57 dc 9a 16  c0 a8 01 06    .......oW.......
0020: 00 00 00 00  00 00 c0 a8  01 01                       ..........      


2026-04-18 14:04:30 DEBUG cic.cs.unb.ca.jnetpcap.PacketReader    Invalid [0,60,60) range.
JMemory: JMemory@21947668class org.jnetpcap.protocol.network.Ip4: size=48 bytes
JMemory: owner=nio.JMemoryPool$Block.class(size=32768/offset=1976)
********************************************************************************
0000:*ff ff ff ff  ff ff f8 e4  e3 70 1d 90  08 06 00 01    .........p......
0010: 08 00 06 04  00 01 f8 e4  e3 70 1d 90  c0 a8 01 08    .........p......
0020: 00 00 00 00  00 00 c0 a8  01 01                       ..........      


2026-04-18 14:04:30 DEBUG cic.cs.unb.ca.jnetpcap.PacketReader    Invalid [0,60,60) range.
JMemory: JMemory@21947d1cclass org.jnetpcap.protocol.network.Ip4: size=48 bytes
JMemory: owner=nio.JMemoryPool$Block.class(size=32768/offset=3692)
********************************************************************************
0000:*ff ff ff ff  ff ff a2 6f  57 dc 9a 16  08 06 00 01    .......oW.......
0010: 08 00 06 04  00 01 a2 6f  57 dc 9a 16  c0 a8 01 06    .......oW.......
0020: 00 00 00 00  00 00 c0 a8  01 01                       ..........      


2026-04-18 14:04:30 DEBUG cic.cs.unb.ca.jnetpcap.PacketReader    Invalid [0,60,60) range.
JMemory: JMemory@21948050class org.jnetpcap.protocol.network.Ip4: size=48 bytes
JMemory: owner=nio.JMemoryPool$Block.class(size=32768/offset=4512)
********************************************************************************
0000:*ff ff ff ff  ff ff f8 e4  e3 70 1d 90  08 06 00 01    .........p......
0010: 08 00 06 04  00 01 f8 e4  e3 70 1d 90  c0 a8 01 08    .........p......
0020: 00 00 00 00  00 00 c0 a8  01 01                       ..........      


2026-04-18 14:04:30 DEBUG cic.cs.unb.ca.jnetpcap.PacketReader    Invalid [0,60,60) range.
JMemory: JMemory@219486b8class org.jnetpcap.protocol.network.Ip4: size=48 bytes
JMemory: owner=nio.JMemoryPool$Block.class(size=32768/offset=6152)
********************************************************************************
0000:*ff ff ff ff  ff ff a2 6f  57 dc 9a 16  08 06 00 01    .......oW.......
0010: 08 00 06 04  00 01 a2 6f  57 dc 9a 16  c0 a8 01 06    .......oW.......
0020: 00 00 00 00  00 00 c0 a8  01 01                       ..........      


2026-04-18 14:04:30 DEBUG cic.cs.unb.ca.jnetpcap.PacketReader    Invalid [0,60,60) range.
JMemory: JMemory@21948e60class org.jnetpcap.protocol.network.Ip4: size=48 bytes
JMemory: owner=nio.JMemoryPool$Block.class(size=32768/offset=8112)
********************************************************************************
0000:*ff ff ff ff  ff ff f8 e4  e3 70 1d 90  08 06 00 01    .........p......
0010: 08 00 06 04  00 01 f8 e4  e3 70 1d 90  c0 a8 01 08    .........p......
0020: 00 00 00 00  00 00 c0 a8  01 01                       ..........      


2026-04-18 14:04:30 DEBUG cic.cs.unb.ca.jnetpcap.PacketReader    Invalid [0,60,60) range.
JMemory: JMemory@219490a0class org.jnetpcap.protocol.network.Ip4: size=48 bytes
JMemory: owner=nio.JMemoryPool$Block.class(size=32768/offset=8688)
********************************************************************************
0000:*ff ff ff ff  ff ff a2 6f  57 dc 9a 16  08 06 00 01    .......oW.......
0010: 08 00 06 04  00 01 a2 6f  57 dc 9a 16  c0 a8 01 06    .......oW.......
0020: 00 00 00 00  00 00 c0 a8  01 01                       ..........      


2026-04-18 14:04:30 DEBUG cic.cs.unb.ca.jnetpcap.PacketReader    Invalid [0,60,60) range.
JMemory: JMemory@219499c4class org.jnetpcap.protocol.network.Ip4: size=48 bytes
JMemory: owner=nio.JMemoryPool$Block.class(size=32768/offset=11028)
********************************************************************************
0000:*ff ff ff ff  ff ff a2 6f  57 dc 9a 16  08 06 00 01    .......oW.......
0010: 08 00 06 04  00 01 a2 6f  57 dc 9a 16  c0 a8 01 06    .......oW.......
0020: 00 00 00 00  00 00 c0 a8  01 01                       ..........      


2026-04-18 14:04:30 DEBUG cic.cs.unb.ca.jnetpcap.PacketReader    Invalid [0,60,60) range.
JMemory: JMemory@2194a0d4class org.jnetpcap.protocol.network.Ip4: size=48 bytes
JMemory: owner=nio.JMemoryPool$Block.class(size=32768/offset=12836)
********************************************************************************
0000:*ff ff ff ff  ff ff a2 6f  57 dc 9a 16  08 06 00 01    .......oW.......
0010: 08 00 06 04  00 01 a2 6f  57 dc 9a 16  c0 a8 01 06    .......oW.......
0020: 00 00 00 00  00 00 c0 a8  01 01                       ..........      


2026-04-18 14:04:30 DEBUG cic.cs.unb.ca.jnetpcap.PacketReader    Invalid [0,60,60) range.
JMemory: JMemory@2194af50class org.jnetpcap.protocol.network.Ip4: size=48 bytes
JMemory: owner=nio.JMemoryPool$Block.class(size=32768/offset=16544)
********************************************************************************
0000:*ff ff ff ff  ff ff 3c 33  32 ed e2 1f  08 06 00 01    ......<32......
0010: 08 00 06 04  00 01 3c 33  32 ed e2 1f  c0 a8 01 01    ......<32......
0020: 00 00 00 00  00 00 c0 a8  01 07                       ..........      


2026-04-18 14:04:30 DEBUG cic.cs.unb.ca.jnetpcap.PacketReader    Invalid [0,60,60) range.
JMemory: JMemory@2194af50class org.jnetpcap.protocol.network.Ip4: size=48 bytes
JMemory: owner=nio.JMemoryPool$Block.class(size=32768/offset=16544)
********************************************************************************
0000:*ff ff ff ff  ff ff 3c 33  32 ed e2 1f  08 06 00 01    ......<32......
0010: 08 00 06 04  00 01 3c 33  32 ed e2 1f  c0 a8 01 01    ......<32......
0020: 00 00 00 00  00 00 c0 a8  01 07                       ..........      


2026-04-18 14:04:30 DEBUG cic.cs.unb.ca.jnetpcap.PacketReader    Invalid [0,60,60) range.
JMemory: JMemory@2194b014class org.jnetpcap.protocol.network.Ip4: size=48 bytes
JMemory: owner=nio.JMemoryPool$Block.class(size=32768/offset=16740)
********************************************************************************
0000:*ff ff ff ff  ff ff 64 dd  e9 58 c2 dd  08 06 00 01    ......d..X......
0010: 08 00 06 04  00 01 64 dd  e9 58 c2 dd  c0 a8 01 07    ......d..X......
0020: 00 00 00 00  00 00 c0 a8  01 01                       ..........      


2026-04-18 14:04:30 DEBUG cic.cs.unb.ca.jnetpcap.PacketReader    Invalid [0,60,60) range.
JMemory: JMemory@2194bc30class org.jnetpcap.protocol.network.Ip4: size=48 bytes
JMemory: owner=nio.JMemoryPool$Block.class(size=32768/offset=19840)
********************************************************************************
0000:*ff ff ff ff  ff ff f8 e4  e3 70 1d 90  08 06 00 01    .........p......
0010: 08 00 06 04  00 01 f8 e4  e3 70 1d 90  c0 a8 01 08    .........p......
0020: 00 00 00 00  00 00 c0 a8  01 01                       ..........      


2026-04-18 14:04:30 DEBUG cic.cs.unb.ca.jnetpcap.PacketReader    Invalid [0,60,60) range.
JMemory: JMemory@2194bcb8class org.jnetpcap.protocol.network.Ip4: size=32 bytes
JMemory: owner=nio.JMemoryPool$Block.class(size=32768/offset=19976)
********************************************************************************
0000:*ff ff ff ff  ff ff f8 e4  e3 70 1d 90  08 06 00 01    .........p......
0010: 08 00 06 04  00 01 f8 e4  e3 70 1d 90  c0 a8 01 08    .........p......
0020: 00 00 00 00  00 00 c0 a8  01 01                       ..........      


2026-04-18 14:04:30 DEBUG cic.cs.unb.ca.jnetpcap.PacketReader    Read All packets on C:\Users\House Computer\Documents\inshallah.pcap
2026-04-18 15:18:27 DEBUG cic.cs.unb.ca.flow.ui.FlowOfflinePane    offline select input C:\Users\House Computer\Documents\tt.pcap
2026-04-18 15:18:29 DEBUG cic.cs.unb.ca.jnetpcap.worker.ReadPcapFileWorker    Working on... C:\Users\House Computer\Documents\tt.pcap
2026-04-18 15:18:29 DEBUG cic.cs.unb.ca.jnetpcap.PacketReader    Invalid [0,60,60) range.
JMemory: JMemory@2194d104class org.jnetpcap.protocol.network.Ip4: size=48 bytes
JMemory: owner=nio.JMemoryPool$Block.class(size=32768/offset=25172)
********************************************************************************
0000:*ff ff ff ff  ff ff f8 e4  e3 70 1d 90  08 06 00 01    .........p......
0010: 08 00 06 04  00 01 f8 e4  e3 70 1d 90  c0 a8 01 08    .........p......
0020: 00 00 00 00  00 00 c0 a8  01 01                       ..........      


2026-04-18 15:18:29 DEBUG cic.cs.unb.ca.jnetpcap.PacketReader    Invalid [0,60,60) range.
JMemory: JMemory@2194d63cclass org.jnetpcap.protocol.network.Ip4: size=48 bytes
JMemory: owner=nio.JMemoryPool$Block.class(size=32768/offset=26508)
********************************************************************************
0000:*ff ff ff ff  ff ff f8 e4  e3 70 1d 90  08 06 00 01    .........p......
0010: 08 00 06 04  00 01 f8 e4  e3 70 1d 90  c0 a8 01 08    .........p......
0020: 00 00 00 00  00 00 c0 a8  01 01                       ..........      


2026-04-18 15:18:29 DEBUG cic.cs.unb.ca.jnetpcap.PacketReader    Invalid [0,60,60) range.
JMemory: JMemory@2194ebc8class org.jnetpcap.protocol.network.Ip4: size=48 bytes
JMemory: owner=nio.JMemoryPool$Block.class(size=32768/offset=32024)
********************************************************************************
0000:*ff ff ff ff  ff ff f8 e4  e3 70 1d 90  08 06 00 01    .........p......
0010: 08 00 06 04  00 01 f8 e4  e3 70 1d 90  c0 a8 01 08    .........p......
0020: 00 00 00 00  00 00 c0 a8  01 01                       ..........      


2026-04-18 15:18:29 DEBUG cic.cs.unb.ca.jnetpcap.PacketReader    Invalid [0,60,60) range.
JMemory: JMemory@219404a8class org.jnetpcap.protocol.network.Ip4: size=48 bytes
JMemory: owner=nio.JMemoryPool$Block.class(size=32768/offset=5640)
********************************************************************************
0000:*ff ff ff ff  ff ff f8 e4  e3 70 1d 90  08 06 00 01    .........p......
0010: 08 00 06 04  00 01 f8 e4  e3 70 1d 90  c0 a8 01 08    .........p......
0020: 00 00 00 00  00 00 c0 a8  01 01                       ..........      


2026-04-18 15:18:29 DEBUG cic.cs.unb.ca.jnetpcap.PacketReader    Invalid [0,60,60) range.
JMemory: JMemory@219419e8class org.jnetpcap.protocol.network.Ip4: size=48 bytes
JMemory: owner=nio.JMemoryPool$Block.class(size=32768/offset=11080)
********************************************************************************
0000:*ff ff ff ff  ff ff f8 e4  e3 70 1d 90  08 06 00 01    .........p......
0010: 08 00 06 04  00 01 f8 e4  e3 70 1d 90  c0 a8 01 08    .........p......
0020: 00 00 00 00  00 00 c0 a8  01 01                       ..........      


2026-04-18 15:18:29 DEBUG cic.cs.unb.ca.jnetpcap.PacketReader    Invalid [0,60,60) range.
JMemory: JMemory@21944228class org.jnetpcap.protocol.network.Ip4: size=48 bytes
JMemory: owner=nio.JMemoryPool$Block.class(size=32768/offset=21384)
********************************************************************************
0000:*ff ff ff ff  ff ff f8 e4  e3 70 1d 90  08 06 00 01    .........p......
0010: 08 00 06 04  00 01 f8 e4  e3 70 1d 90  c0 a8 01 08    .........p......
0020: 00 00 00 00  00 00 c0 a8  01 01                       ..........      


2026-04-18 15:18:29 DEBUG cic.cs.unb.ca.jnetpcap.PacketReader    Invalid [0,60,60) range.
JMemory: JMemory@21944630class org.jnetpcap.protocol.network.Ip4: size=48 bytes
JMemory: owner=nio.JMemoryPool$Block.class(size=32768/offset=22416)
********************************************************************************
0000:*ff ff ff ff  ff ff f8 e4  e3 70 1d 90  08 06 00 01    .........p......
0010: 08 00 06 04  00 01 f8 e4  e3 70 1d 90  c0 a8 01 08    .........p......
0020: 00 00 00 00  00 00 c0 a8  01 01                       ..........      


2026-04-18 15:18:29 DEBUG cic.cs.unb.ca.jnetpcap.PacketReader    Invalid [0,60,60) range.
JMemory: JMemory@21945028class org.jnetpcap.protocol.network.Ip4: size=48 bytes
JMemory: owner=nio.JMemoryPool$Block.class(size=32768/offset=24968)
********************************************************************************
0000:*ff ff ff ff  ff ff f8 e4  e3 70 1d 90  08 06 00 01    .........p......
0010: 08 00 06 04  00 01 f8 e4  e3 70 1d 90  c0 a8 01 08    .........p......
0020: 00 00 00 00  00 00 c0 a8  01 01                       ..........      


2026-04-18 15:18:29 DEBUG cic.cs.unb.ca.jnetpcap.PacketReader    Invalid [0,60,60) range.
JMemory: JMemory@2194eed0class org.jnetpcap.protocol.network.Ip4: size=48 bytes
JMemory: owner=nio.JMemoryPool$Block.class(size=32768/offset=16)
********************************************************************************
0000:*ff ff ff ff  ff ff f8 e4  e3 70 1d 90  08 06 00 01    .........p......
0010: 08 00 06 04  00 01 f8 e4  e3 70 1d 90  c0 a8 01 08    .........p......
0020: 00 00 00 00  00 00 c0 a8  01 01                       ..........      


2026-04-18 15:18:29 DEBUG cic.cs.unb.ca.jnetpcap.PacketReader    Read All packets on C:\Users\House Computer\Documents\tt.pcap
2026-04-18 15:18:36 DEBUG cic.cs.unb.ca.jnetpcap.worker.ReadPcapFileWorker    Working on... C:\Users\House Computer\Documents\tt.pcap
2026-04-18 15:18:36 DEBUG cic.cs.unb.ca.jnetpcap.PacketReader    Invalid [0,60,60) range.
JMemory: JMemory@2195129cclass org.jnetpcap.protocol.network.Ip4: size=48 bytes
JMemory: owner=nio.JMemoryPool$Block.class(size=32768/offset=9180)
********************************************************************************
0000:*ff ff ff ff  ff ff f8 e4  e3 70 1d 90  08 06 00 01    .........p......
0010: 08 00 06 04  00 01 f8 e4  e3 70 1d 90  c0 a8 01 08    .........p......
0020: 00 00 00 00  00 00 c0 a8  01 01                       ..........      


2026-04-18 15:18:36 DEBUG cic.cs.unb.ca.jnetpcap.PacketReader    Invalid [0,60,60) range.
JMemory: JMemory@219517d4class org.jnetpcap.protocol.network.Ip4: size=48 bytes
JMemory: owner=nio.JMemoryPool$Block.class(size=32768/offset=10516)
********************************************************************************
0000:*ff ff ff ff  ff ff f8 e4  e3 70 1d 90  08 06 00 01    .........p......
0010: 08 00 06 04  00 01 f8 e4  e3 70 1d 90  c0 a8 01 08    .........p......
0020: 00 00 00 00  00 00 c0 a8  01 01                       ..........      


2026-04-18 15:18:36 DEBUG cic.cs.unb.ca.jnetpcap.PacketReader    Invalid [0,60,60) range.
JMemory: JMemory@21952d60class org.jnetpcap.protocol.network.Ip4: size=48 bytes
JMemory: owner=nio.JMemoryPool$Block.class(size=32768/offset=16032)
********************************************************************************
0000:*ff ff ff ff  ff ff f8 e4  e3 70 1d 90  08 06 00 01    .........p......
0010: 08 00 06 04  00 01 f8 e4  e3 70 1d 90  c0 a8 01 08    .........p......
0020: 00 00 00 00  00 00 c0 a8  01 01                       ..........      


2026-04-18 15:18:36 DEBUG cic.cs.unb.ca.jnetpcap.PacketReader    Invalid [0,60,60) range.
JMemory: JMemory@21954630class org.jnetpcap.protocol.network.Ip4: size=48 bytes
JMemory: owner=nio.JMemoryPool$Block.class(size=32768/offset=22384)
********************************************************************************
0000:*ff ff ff ff  ff ff f8 e4  e3 70 1d 90  08 06 00 01    .........p......
0010: 08 00 06 04  00 01 f8 e4  e3 70 1d 90  c0 a8 01 08    .........p......
0020: 00 00 00 00  00 00 c0 a8  01 01                       ..........      


2026-04-18 15:18:36 DEBUG cic.cs.unb.ca.jnetpcap.PacketReader    Invalid [0,60,60) range.
JMemory: JMemory@21955b70class org.jnetpcap.protocol.network.Ip4: size=48 bytes
JMemory: owner=nio.JMemoryPool$Block.class(size=32768/offset=27824)
********************************************************************************
0000:*ff ff ff ff  ff ff f8 e4  e3 70 1d 90  08 06 00 01    .........p......
0010: 08 00 06 04  00 01 f8 e4  e3 70 1d 90  c0 a8 01 08    .........p......
0020: 00 00 00 00  00 00 c0 a8  01 01                       ..........      


2026-04-18 15:18:36 DEBUG cic.cs.unb.ca.jnetpcap.PacketReader    Invalid [0,60,60) range.
JMemory: JMemory@219583f4class org.jnetpcap.protocol.network.Ip4: size=48 bytes
JMemory: owner=nio.JMemoryPool$Block.class(size=32768/offset=5412)
********************************************************************************
0000:*ff ff ff ff  ff ff f8 e4  e3 70 1d 90  08 06 00 01    .........p......
0010: 08 00 06 04  00 01 f8 e4  e3 70 1d 90  c0 a8 01 08    .........p......
0020: 00 00 00 00  00 00 c0 a8  01 01                       ..........      


2026-04-18 15:18:36 DEBUG cic.cs.unb.ca.jnetpcap.PacketReader    Invalid [0,60,60) range.
JMemory: JMemory@219587fcclass org.jnetpcap.protocol.network.Ip4: size=48 bytes
JMemory: owner=nio.JMemoryPool$Block.class(size=32768/offset=6444)
********************************************************************************
0000:*ff ff ff ff  ff ff f8 e4  e3 70 1d 90  08 06 00 01    .........p......
0010: 08 00 06 04  00 01 f8 e4  e3 70 1d 90  c0 a8 01 08    .........p......
0020: 00 00 00 00  00 00 c0 a8  01 01                       ..........      


2026-04-18 15:18:36 DEBUG cic.cs.unb.ca.jnetpcap.PacketReader    Invalid [0,60,60) range.
JMemory: JMemory@219591f4class org.jnetpcap.protocol.network.Ip4: size=48 bytes
JMemory: owner=nio.JMemoryPool$Block.class(size=32768/offset=8996)
********************************************************************************
0000:*ff ff ff ff  ff ff f8 e4  e3 70 1d 90  08 06 00 01    .........p......
0010: 08 00 06 04  00 01 f8 e4  e3 70 1d 90  c0 a8 01 08    .........p......
0020: 00 00 00 00  00 00 c0 a8  01 01                       ..........      


2026-04-18 15:18:36 DEBUG cic.cs.unb.ca.jnetpcap.PacketReader    Invalid [0,60,60) range.
JMemory: JMemory@2195b058class org.jnetpcap.protocol.network.Ip4: size=48 bytes
JMemory: owner=nio.JMemoryPool$Block.class(size=32768/offset=16776)
********************************************************************************
0000:*ff ff ff ff  ff ff f8 e4  e3 70 1d 90  08 06 00 01    .........p......
0010: 08 00 06 04  00 01 f8 e4  e3 70 1d 90  c0 a8 01 08    .........p......
0020: 00 00 00 00  00 00 c0 a8  01 01                       ..........      


2026-04-18 15:18:36 DEBUG cic.cs.unb.ca.jnetpcap.PacketReader    Read All packets on C:\Users\House Computer\Documents\tt.pcap
2026-04-18 17:53:25 DEBUG cic.cs.unb.ca.flow.ui.FlowOfflinePane    offline select input C:\Users\House Computer\Documents\nono.pcap
2026-04-18 17:53:27 DEBUG cic.cs.unb.ca.jnetpcap.worker.ReadPcapFileWorker    Working on... C:\Users\House Computer\Documents\nono.pcap
2026-04-18 17:53:27 DEBUG cic.cs.unb.ca.jnetpcap.FlowGenerator    FlagFIN current has 2 flow
2026-04-18 17:53:27 DEBUG cic.cs.unb.ca.jnetpcap.FlowGenerator    FlagFIN current has 6 flow
2026-04-18 17:53:27 DEBUG cic.cs.unb.ca.jnetpcap.FlowGenerator    FlagFIN current has 10 flow
2026-04-18 17:53:27 DEBUG cic.cs.unb.ca.jnetpcap.FlowGenerator    FlagFIN current has 15 flow
2026-04-18 17:53:27 DEBUG cic.cs.unb.ca.jnetpcap.FlowGenerator    FlagFIN current has 21 flow
2026-04-18 17:53:27 DEBUG cic.cs.unb.ca.jnetpcap.FlowGenerator    FlagFIN current has 25 flow
2026-04-18 17:53:27 DEBUG cic.cs.unb.ca.jnetpcap.FlowGenerator    FlagFIN current has 25 flow
2026-04-18 17:53:27 DEBUG cic.cs.unb.ca.jnetpcap.FlowGenerator    FlagFIN current has 27 flow
2026-04-18 17:53:27 DEBUG cic.cs.unb.ca.jnetpcap.FlowGenerator    FlagFIN current has 30 flow
2026-04-18 17:53:27 DEBUG cic.cs.unb.ca.jnetpcap.FlowGenerator    FlagFIN current has 30 flow
2026-04-18 17:53:27 DEBUG cic.cs.unb.ca.jnetpcap.PacketReader    Read All packets on C:\Users\House Computer\Documents\nono.pcap
