2026-04-16 01:30:23 DEBUG swing.common.SwingUtils    C:\Users\House Computer\Downloads\OneDrive_1_10-03-2026 (Accčs refusé)
2026-04-16 01:30:23 DEBUG swing.common.SwingUtils    C:\Users\House Computer\Downloads\OneDrive_1_14-03-2026 (Accčs refusé)
2026-04-16 01:30:23 DEBUG swing.common.SwingUtils    C:\Users\House Computer\Downloads\OneDrive_1_23-03-2026 (Accčs refusé)
2026-04-16 01:30:23 DEBUG swing.common.SwingUtils    C:\Users\House Computer\Downloads\Original_Slit-lamp_Images (Accčs refusé)
2026-04-16 01:30:23 DEBUG swing.common.SwingUtils    C:\Users\House Computer\Downloads\Telegram Desktop (Accčs refusé)
2026-04-16 01:30:24 DEBUG swing.common.SwingUtils    C:\Users\House Computer\Downloads\When the shell speaks,secret reveal themselves (Accčs refusé)
2026-04-16 01:30:39 DEBUG cic.cs.unb.ca.flow.ui.FlowOfflinePane    offline select input C:\Users\House Computer\Documents\no_attack.pcap
2026-04-16 01:30:59 DEBUG cic.cs.unb.ca.flow.ui.FlowOfflinePane    offline select output C:\Users\House Computer\Desktop\Data_Sec
2026-04-16 01:31:02 DEBUG cic.cs.unb.ca.jnetpcap.worker.ReadPcapFileWorker    Working on... C:\Users\House Computer\Documents\no_attack.pcap
2026-04-16 01:31:02 DEBUG cic.cs.unb.ca.jnetpcap.FlowGenerator    FlagFIN current has 10 flow
2026-04-16 01:31:02 DEBUG cic.cs.unb.ca.jnetpcap.FlowGenerator    FlagFIN current has 10 flow
2026-04-16 01:31:02 DEBUG cic.cs.unb.ca.jnetpcap.FlowGenerator    FlagFIN current has 37 flow
2026-04-16 01:31:02 DEBUG cic.cs.unb.ca.jnetpcap.FlowGenerator    FlagFIN current has 39 flow
2026-04-16 01:31:02 DEBUG cic.cs.unb.ca.jnetpcap.FlowGenerator    FlagFIN current has 47 flow
2026-04-16 01:31:02 DEBUG cic.cs.unb.ca.jnetpcap.FlowGenerator    FlagFIN current has 47 flow
2026-04-16 01:31:02 DEBUG cic.cs.unb.ca.jnetpcap.FlowGenerator    FlagFIN current has 49 flow
2026-04-16 01:31:02 DEBUG cic.cs.unb.ca.jnetpcap.FlowGenerator    FlagFIN current has 48 flow
2026-04-16 01:31:02 DEBUG cic.cs.unb.ca.jnetpcap.FlowGenerator    FlagFIN current has 49 flow
2026-04-16 01:31:02 DEBUG cic.cs.unb.ca.jnetpcap.FlowGenerator    FlagFIN current has 48 flow
2026-04-16 01:31:02 DEBUG cic.cs.unb.ca.jnetpcap.PacketReader    Read All packets on C:\Users\House Computer\Documents\no_attack.pcap
2026-04-16 01:31:05 DEBUG cic.cs.unb.ca.jnetpcap.worker.ReadPcapFileWorker    Working on... C:\Users\House Computer\Documents\no_attack.pcap
2026-04-16 01:31:05 DEBUG cic.cs.unb.ca.jnetpcap.FlowGenerator    FlagFIN current has 10 flow
2026-04-16 01:31:05 DEBUG cic.cs.unb.ca.jnetpcap.FlowGenerator    FlagFIN current has 10 flow
2026-04-16 01:31:05 DEBUG cic.cs.unb.ca.jnetpcap.FlowGenerator    FlagFIN current has 37 flow
2026-04-16 01:31:05 DEBUG cic.cs.unb.ca.jnetpcap.FlowGenerator    FlagFIN current has 39 flow
2026-04-16 01:31:05 DEBUG cic.cs.unb.ca.jnetpcap.FlowGenerator    FlagFIN current has 47 flow
2026-04-16 01:31:05 DEBUG cic.cs.unb.ca.jnetpcap.FlowGenerator    FlagFIN current has 47 flow
2026-04-16 01:31:05 DEBUG cic.cs.unb.ca.jnetpcap.FlowGenerator    FlagFIN current has 49 flow
2026-04-16 01:31:05 DEBUG cic.cs.unb.ca.jnetpcap.FlowGenerator    FlagFIN current has 48 flow
2026-04-16 01:31:05 DEBUG cic.cs.unb.ca.jnetpcap.FlowGenerator    FlagFIN current has 49 flow
2026-04-16 01:31:05 DEBUG cic.cs.unb.ca.jnetpcap.FlowGenerator    FlagFIN current has 48 flow
2026-04-16 01:31:05 DEBUG cic.cs.unb.ca.jnetpcap.PacketReader    Read All packets on C:\Users\House Computer\Documents\no_attack.pcap
2026-04-16 01:31:11 DEBUG cic.cs.unb.ca.jnetpcap.worker.ReadPcapFileWorker    Working on... C:\Users\House Computer\Documents\no_attack.pcap
2026-04-16 01:31:11 DEBUG cic.cs.unb.ca.jnetpcap.FlowGenerator    FlagFIN current has 10 flow
2026-04-16 01:31:11 DEBUG cic.cs.unb.ca.jnetpcap.FlowGenerator    FlagFIN current has 10 flow
2026-04-16 01:31:11 DEBUG cic.cs.unb.ca.jnetpcap.FlowGenerator    FlagFIN current has 37 flow
2026-04-16 01:31:11 DEBUG cic.cs.unb.ca.jnetpcap.FlowGenerator    FlagFIN current has 39 flow
2026-04-16 01:31:11 DEBUG cic.cs.unb.ca.jnetpcap.FlowGenerator    FlagFIN current has 47 flow
2026-04-16 01:31:11 DEBUG cic.cs.unb.ca.jnetpcap.FlowGenerator    FlagFIN current has 47 flow
2026-04-16 01:31:11 DEBUG cic.cs.unb.ca.jnetpcap.FlowGenerator    FlagFIN current has 49 flow
2026-04-16 01:31:11 DEBUG cic.cs.unb.ca.jnetpcap.FlowGenerator    FlagFIN current has 48 flow
2026-04-16 01:31:11 DEBUG cic.cs.unb.ca.jnetpcap.FlowGenerator    FlagFIN current has 49 flow
2026-04-16 01:31:11 DEBUG cic.cs.unb.ca.jnetpcap.FlowGenerator    FlagFIN current has 48 flow
2026-04-16 01:31:11 DEBUG cic.cs.unb.ca.jnetpcap.PacketReader    Read All packets on C:\Users\House Computer\Documents\no_attack.pcap
2026-04-16 02:01:09 DEBUG swing.common.SwingUtils    C:\Users\House Computer\Desktop\ARP (Accčs refusé)
2026-04-16 02:01:09 DEBUG swing.common.SwingUtils    C:\Users\House Computer\Desktop\best_moment (Accčs refusé)
2026-04-16 02:01:09 DEBUG swing.common.SwingUtils    C:\Users\House Computer\Desktop\Data_Sec (Accčs refusé)
2026-04-16 02:01:09 DEBUG swing.common.SwingUtils    C:\Users\House Computer\Desktop\Kimi_Agent_Plateforme de triage médical (Accčs refusé)
2026-04-16 02:01:09 DEBUG swing.common.SwingUtils    C:\Users\House Computer\Desktop\membres (Accčs refusé)
2026-04-16 02:01:09 DEBUG swing.common.SwingUtils    C:\Users\House Computer\Desktop\My_Certificate (Accčs refusé)
2026-04-16 02:01:09 DEBUG swing.common.SwingUtils    C:\Users\House Computer\Desktop\Portfalio (Accčs refusé)
2026-04-16 02:01:09 DEBUG swing.common.SwingUtils    C:\Users\House Computer\Desktop\presen (Accčs refusé)
2026-04-16 02:01:09 DEBUG swing.common.SwingUtils    C:\Users\House Computer\Desktop\S8_TP (Accčs refusé)
2026-04-16 02:01:09 DEBUG swing.common.SwingUtils    C:\Users\House Computer\Desktop\tp1-task-Tiho99 (Accčs refusé)
2026-04-16 02:01:34 DEBUG cic.cs.unb.ca.flow.ui.FlowOfflinePane    offline select input C:\Users\House Computer\Documents
2026-04-16 02:01:44 DEBUG cic.cs.unb.ca.flow.ui.FlowOfflinePane    offline select input C:\Users\House Computer\Documents\jdiida.pcap
2026-04-16 02:01:47 DEBUG cic.cs.unb.ca.jnetpcap.worker.ReadPcapFileWorker    Working on... C:\Users\House Computer\Documents\jdiida.pcap
2026-04-16 02:01:47 DEBUG cic.cs.unb.ca.jnetpcap.PacketReader    null
********************************************************************************
0000:*33 33 00 01  00 03 f8 e4  e3 70 1d 90* 86 dd 60 00    33.......p....`.
0010: 3c 35 00 29  11 01 fe 80  00 00 00 00  00 00 4b 54    <5.)..........KT
0020: ab b6 31 4f  96 7f ff 02  00 00 00 00  00 00 00 00    ..1O............
0030: 00 00 00 01  00 03 cf de  14 eb 00 29  bc 9b c9 b7    ...........)....
0040: 00 00 00 01  00 00 00 00  00 00 0f 44  45 53 4b 54    ...........DESKT
0050: 4f 50 2d 44  46 49 31 32  34 30 00 00  01 00 01*      OP-DFI1240..... 


2026-04-16 02:01:47 DEBUG cic.cs.unb.ca.jnetpcap.PacketReader    null
********************************************************************************
0000:*33 33 00 00  00 fb f8 e4  e3 70 1d 90* 86 dd 60 02    33.......p....`.
0010: fb 93 00 2f  11 01 fe 80  00 00 00 00  00 00 4b 54    .../..........KT
0020: ab b6 31 4f  96 7f ff 02  00 00 00 00  00 00 00 00    ..1O............
0030: 00 00 00 00  00 fb 14 e9  14 e9 00 2f  bd 98 00 00    .........../....
0040: 00 00 00 01  00 00 00 00  00 00 0f 44  45 53 4b 54    ...........DESKT
0050: 4f 50 2d 44  46 49 31 32  34 30 05 6c  6f 63 61 6c    OP-DFI1240.local
0060: 00 00 01 00  01*                                      .....           


2026-04-16 02:01:47 DEBUG cic.cs.unb.ca.jnetpcap.PacketReader    null
********************************************************************************
0000:*33 33 00 01  00 03 f8 e4  e3 70 1d 90* 86 dd 60 02    33.......p....`.
0010: 1c e6 00 29  11 01 fe 80  00 00 00 00  00 00 4b 54    ...)..........KT
0020: ab b6 31 4f  96 7f ff 02  00 00 00 00  00 00 00 00    ..1O............
0030: 00 00 00 01  00 03 fe 43  14 eb 00 29  bc 9b 30 bd    .......C...)..0.
0040: 00 00 00 01  00 00 00 00  00 00 0f 44  45 53 4b 54    ...........DESKT
0050: 4f 50 2d 44  46 49 31 32  34 30 00 00  1c 00 01*      OP-DFI1240..... 


2026-04-16 02:01:47 DEBUG cic.cs.unb.ca.jnetpcap.PacketReader    null
********************************************************************************
0000:*33 33 00 00  00 fb f8 e4  e3 70 1d 90* 86 dd 60 02    33.......p....`.
0010: fb 93 00 2f  11 01 fe 80  00 00 00 00  00 00 4b 54    .../..........KT
0020: ab b6 31 4f  96 7f ff 02  00 00 00 00  00 00 00 00    ..1O............
0030: 00 00 00 00  00 fb 14 e9  14 e9 00 2f  bd 98 00 00    .........../....
0040: 00 00 00 01  00 00 00 00  00 00 0f 44  45 53 4b 54    ...........DESKT
0050: 4f 50 2d 44  46 49 31 32  34 30 05 6c  6f 63 61 6c    OP-DFI1240.local
0060: 00 00 01 00  01*                                      .....           


2026-04-16 02:01:47 DEBUG cic.cs.unb.ca.jnetpcap.PacketReader    null
********************************************************************************
0000:*33 33 00 00  00 fb f8 e4  e3 70 1d 90* 86 dd 60 02    33.......p....`.
0010: fb 93 00 2f  11 01 fe 80  00 00 00 00  00 00 4b 54    .../..........KT
0020: ab b6 31 4f  96 7f ff 02  00 00 00 00  00 00 00 00    ..1O............
0030: 00 00 00 00  00 fb 14 e9  14 e9 00 2f  bd 98 00 00    .........../....
0040: 00 00 00 01  00 00 00 00  00 00 0f 44  45 53 4b 54    ...........DESKT
0050: 4f 50 2d 44  46 49 31 32  34 30 05 6c  6f 63 61 6c    OP-DFI1240.local
0060: 00 00 1c 00  01*                                      .....           


2026-04-16 02:01:47 DEBUG cic.cs.unb.ca.jnetpcap.PacketReader    null
********************************************************************************
0000:*33 33 00 00  00 fb f8 e4  e3 70 1d 90* 86 dd 60 02    33.......p....`.
0010: fb 93 00 2f  11 01 fe 80  00 00 00 00  00 00 4b 54    .../..........KT
0020: ab b6 31 4f  96 7f ff 02  00 00 00 00  00 00 00 00    ..1O............
0030: 00 00 00 00  00 fb 14 e9  14 e9 00 2f  bd 98 00 00    .........../....
0040: 00 00 00 01  00 00 00 00  00 00 0f 44  45 53 4b 54    ...........DESKT
0050: 4f 50 2d 44  46 49 31 32  34 30 05 6c  6f 63 61 6c    OP-DFI1240.local
0060: 00 00 1c 00  01*                                      .....           


2026-04-16 02:01:47 DEBUG cic.cs.unb.ca.jnetpcap.PacketReader    null
********************************************************************************
0000:*33 33 00 01  00 03 f8 e4  e3 70 1d 90* 86 dd 60 00    33.......p....`.
0010: 3c 35 00 29  11 01 fe 80  00 00 00 00  00 00 4b 54    <5.)..........KT
0020: ab b6 31 4f  96 7f ff 02  00 00 00 00  00 00 00 00    ..1O............
0030: 00 00 00 01  00 03 cf de  14 eb 00 29  bc 9b c9 b7    ...........)....
0040: 00 00 00 01  00 00 00 00  00 00 0f 44  45 53 4b 54    ...........DESKT
0050: 4f 50 2d 44  46 49 31 32  34 30 00 00  01 00 01*      OP-DFI1240..... 


2026-04-16 02:01:47 DEBUG cic.cs.unb.ca.jnetpcap.PacketReader    null
********************************************************************************
0000:*33 33 00 01  00 03 f8 e4  e3 70 1d 90* 86 dd 60 02    33.......p....`.
0010: 1c e6 00 29  11 01 fe 80  00 00 00 00  00 00 4b 54    ...)..........KT
0020: ab b6 31 4f  96 7f ff 02  00 00 00 00  00 00 00 00    ..1O............
0030: 00 00 00 01  00 03 fe 43  14 eb 00 29  bc 9b 30 bd    .......C...)..0.
0040: 00 00 00 01  00 00 00 00  00 00 0f 44  45 53 4b 54    ...........DESKT
0050: 4f 50 2d 44  46 49 31 32  34 30 00 00  1c 00 01*      OP-DFI1240..... 


2026-04-16 02:01:47 DEBUG cic.cs.unb.ca.jnetpcap.PacketReader    null
********************************************************************************
0000:*33 33 00 00  00 fb f8 e4  e3 70 1d 90* 86 dd 60 02    33.......p....`.
0010: fb 93 00 2f  11 01 fe 80  00 00 00 00  00 00 4b 54    .../..........KT
0020: ab b6 31 4f  96 7f ff 02  00 00 00 00  00 00 00 00    ..1O............
0030: 00 00 00 00  00 fb 14 e9  14 e9 00 2f  bd 98 00 00    .........../....
0040: 00 00 00 01  00 00 00 00  00 00 0f 44  45 53 4b 54    ...........DESKT
0050: 4f 50 2d 44  46 49 31 32  34 30 05 6c  6f 63 61 6c    OP-DFI1240.local
0060: 00 00 01 00  01*                                      .....           


2026-04-16 02:01:47 DEBUG cic.cs.unb.ca.jnetpcap.PacketReader    null
********************************************************************************
0000:*33 33 00 00  00 fb f8 e4  e3 70 1d 90* 86 dd 60 02    33.......p....`.
0010: fb 93 00 2f  11 01 fe 80  00 00 00 00  00 00 4b 54    .../..........KT
0020: ab b6 31 4f  96 7f ff 02  00 00 00 00  00 00 00 00    ..1O............
0030: 00 00 00 00  00 fb 14 e9  14 e9 00 2f  bd 98 00 00    .........../....
0040: 00 00 00 01  00 00 00 00  00 00 0f 44  45 53 4b 54    ...........DESKT
0050: 4f 50 2d 44  46 49 31 32  34 30 05 6c  6f 63 61 6c    OP-DFI1240.local
0060: 00 00 01 00  01*                                      .....           


2026-04-16 02:01:47 DEBUG cic.cs.unb.ca.jnetpcap.PacketReader    null
********************************************************************************
0000:*33 33 00 00  00 fb f8 e4  e3 70 1d 90* 86 dd 60 02    33.......p....`.
0010: fb 93 00 2f  11 01 fe 80  00 00 00 00  00 00 4b 54    .../..........KT
0020: ab b6 31 4f  96 7f ff 02  00 00 00 00  00 00 00 00    ..1O............
0030: 00 00 00 00  00 fb 14 e9  14 e9 00 2f  bd 98 00 00    .........../....
0040: 00 00 00 01  00 00 00 00  00 00 0f 44  45 53 4b 54    ...........DESKT
0050: 4f 50 2d 44  46 49 31 32  34 30 05 6c  6f 63 61 6c    OP-DFI1240.local
0060: 00 00 1c 80  01*                                      .....           


2026-04-16 02:01:47 DEBUG cic.cs.unb.ca.jnetpcap.PacketReader    null
********************************************************************************
0000:*33 33 00 00  00 fb f8 e4  e3 70 1d 90* 86 dd 60 02    33.......p....`.
0010: fb 93 00 2f  11 01 fe 80  00 00 00 00  00 00 4b 54    .../..........KT
0020: ab b6 31 4f  96 7f ff 02  00 00 00 00  00 00 00 00    ..1O............
0030: 00 00 00 00  00 fb 14 e9  14 e9 00 2f  bd 98 00 00    .........../....
0040: 00 00 00 01  00 00 00 00  00 00 0f 44  45 53 4b 54    ...........DESKT
0050: 4f 50 2d 44  46 49 31 32  34 30 05 6c  6f 63 61 6c    OP-DFI1240.local
0060: 00 00 1c 80  01*                                      .....           


2026-04-16 02:01:47 DEBUG cic.cs.unb.ca.jnetpcap.PacketReader    null
********************************************************************************
0000:*33 33 00 01  00 03 f8 e4  e3 70 1d 90* 86 dd 60 05    33.......p....`.
0010: fd 91 00 29  11 01 fe 80  00 00 00 00  00 00 4b 54    ...)..........KT
0020: ab b6 31 4f  96 7f ff 02  00 00 00 00  00 00 00 00    ..1O............
0030: 00 00 00 01  00 03 cf e7  14 eb 00 29  bc 9b a3 da    ...........)....
0040: 00 00 00 01  00 00 00 00  00 00 0f 44  45 53 4b 54    ...........DESKT
0050: 4f 50 2d 44  46 49 31 32  34 30 00 00  01 00 01*      OP-DFI1240..... 


2026-04-16 02:01:47 DEBUG cic.cs.unb.ca.jnetpcap.PacketReader    null
********************************************************************************
0000:*33 33 00 01  00 03 f8 e4  e3 70 1d 90* 86 dd 60 0a    33.......p....`.
0010: 1f 53 00 29  11 01 fe 80  00 00 00 00  00 00 4b 54    S.)..........KT
0020: ab b6 31 4f  96 7f ff 02  00 00 00 00  00 00 00 00    ..1O............
0030: 00 00 00 01  00 03 c8 d2  14 eb 00 29  bc 9b c6 45    ...........)...E
0040: 00 00 00 01  00 00 00 00  00 00 0f 44  45 53 4b 54    ...........DESKT
0050: 4f 50 2d 44  46 49 31 32  34 30 00 00  1c 00 01*      OP-DFI1240..... 


2026-04-16 02:01:47 DEBUG cic.cs.unb.ca.jnetpcap.PacketReader    null
********************************************************************************
0000:*33 33 00 00  00 fb f8 e4  e3 70 1d 90* 86 dd 60 02    33.......p....`.
0010: fb 93 00 2f  11 01 fe 80  00 00 00 00  00 00 4b 54    .../..........KT
0020: ab b6 31 4f  96 7f ff 02  00 00 00 00  00 00 00 00    ..1O............
0030: 00 00 00 00  00 fb 14 e9  14 e9 00 2f  bd 98 00 00    .........../....
0040: 00 00 00 01  00 00 00 00  00 00 0f 44  45 53 4b 54    ...........DESKT
0050: 4f 50 2d 44  46 49 31 32  34 30 05 6c  6f 63 61 6c    OP-DFI1240.local
0060: 00 00 01 00  01*                                      .....           


2026-04-16 02:01:47 DEBUG cic.cs.unb.ca.jnetpcap.PacketReader    null
********************************************************************************
0000:*33 33 00 00  00 fb f8 e4  e3 70 1d 90* 86 dd 60 02    33.......p....`.
0010: fb 93 00 2f  11 01 fe 80  00 00 00 00  00 00 4b 54    .../..........KT
0020: ab b6 31 4f  96 7f ff 02  00 00 00 00  00 00 00 00    ..1O............
0030: 00 00 00 00  00 fb 14 e9  14 e9 00 2f  bd 98 00 00    .........../....
0040: 00 00 00 01  00 00 00 00  00 00 0f 44  45 53 4b 54    ...........DESKT
0050: 4f 50 2d 44  46 49 31 32  34 30 05 6c  6f 63 61 6c    OP-DFI1240.local
0060: 00 00 1c 80  01*                                      .....           


2026-04-16 02:01:47 DEBUG cic.cs.unb.ca.jnetpcap.PacketReader    null
********************************************************************************
0000:*33 33 00 01  00 03 f8 e4  e3 70 1d 90* 86 dd 60 0a    33.......p....`.
0010: 1f 53 00 29  11 01 fe 80  00 00 00 00  00 00 4b 54    S.)..........KT
0020: ab b6 31 4f  96 7f ff 02  00 00 00 00  00 00 00 00    ..1O............
0030: 00 00 00 01  00 03 c8 d2  14 eb 00 29  bc 9b c6 45    ...........)...E
0040: 00 00 00 01  00 00 00 00  00 00 0f 44  45 53 4b 54    ...........DESKT
0050: 4f 50 2d 44  46 49 31 32  34 30 00 00  1c 00 01*      OP-DFI1240..... 


2026-04-16 02:01:47 DEBUG cic.cs.unb.ca.jnetpcap.PacketReader    null
********************************************************************************
0000:*33 33 00 01  00 03 f8 e4  e3 70 1d 90* 86 dd 60 05    33.......p....`.
0010: fd 91 00 29  11 01 fe 80  00 00 00 00  00 00 4b 54    ...)..........KT
0020: ab b6 31 4f  96 7f ff 02  00 00 00 00  00 00 00 00    ..1O............
0030: 00 00 00 01  00 03 cf e7  14 eb 00 29  bc 9b a3 da    ...........)....
0040: 00 00 00 01  00 00 00 00  00 00 0f 44  45 53 4b 54    ...........DESKT
0050: 4f 50 2d 44  46 49 31 32  34 30 00 00  01 00 01*      OP-DFI1240..... 


2026-04-16 02:01:47 DEBUG cic.cs.unb.ca.jnetpcap.PacketReader    null
********************************************************************************
0000:*33 33 00 00  00 fb f8 e4  e3 70 1d 90* 86 dd 60 02    33.......p....`.
0010: fb 93 00 2f  11 01 fe 80  00 00 00 00  00 00 4b 54    .../..........KT
0020: ab b6 31 4f  96 7f ff 02  00 00 00 00  00 00 00 00    ..1O............
0030: 00 00 00 00  00 fb 14 e9  14 e9 00 2f  bd 98 00 00    .........../....
0040: 00 00 00 01  00 00 00 00  00 00 0f 44  45 53 4b 54    ...........DESKT
0050: 4f 50 2d 44  46 49 31 32  34 30 05 6c  6f 63 61 6c    OP-DFI1240.local
0060: 00 00 01 00  01*                                      .....           


2026-04-16 02:01:47 DEBUG cic.cs.unb.ca.jnetpcap.PacketReader    null
********************************************************************************
0000:*33 33 00 00  00 fb f8 e4  e3 70 1d 90* 86 dd 60 02    33.......p....`.
0010: fb 93 00 2f  11 01 fe 80  00 00 00 00  00 00 4b 54    .../..........KT
0020: ab b6 31 4f  96 7f ff 02  00 00 00 00  00 00 00 00    ..1O............
0030: 00 00 00 00  00 fb 14 e9  14 e9 00 2f  bd 98 00 00    .........../....
0040: 00 00 00 01  00 00 00 00  00 00 0f 44  45 53 4b 54    ...........DESKT
0050: 4f 50 2d 44  46 49 31 32  34 30 05 6c  6f 63 61 6c    OP-DFI1240.local
0060: 00 00 1c 00  01*                                      .....           


2026-04-16 02:01:47 DEBUG cic.cs.unb.ca.jnetpcap.PacketReader    null
********************************************************************************
0000:*33 33 00 00  00 fb f8 e4  e3 70 1d 90* 86 dd 60 02    33.......p....`.
0010: fb 93 00 2f  11 01 fe 80  00 00 00 00  00 00 4b 54    .../..........KT
0020: ab b6 31 4f  96 7f ff 02  00 00 00 00  00 00 00 00    ..1O............
0030: 00 00 00 00  00 fb 14 e9  14 e9 00 2f  bd 98 00 00    .........../....
0040: 00 00 00 01  00 00 00 00  00 00 0f 44  45 53 4b 54    ...........DESKT
0050: 4f 50 2d 44  46 49 31 32  34 30 05 6c  6f 63 61 6c    OP-DFI1240.local
0060: 00 00 01 00  01*                                      .....           


2026-04-16 02:01:47 DEBUG cic.cs.unb.ca.jnetpcap.PacketReader    null
********************************************************************************
0000:*33 33 00 00  00 fb f8 e4  e3 70 1d 90* 86 dd 60 02    33.......p....`.
0010: fb 93 00 2f  11 01 fe 80  00 00 00 00  00 00 4b 54    .../..........KT
0020: ab b6 31 4f  96 7f ff 02  00 00 00 00  00 00 00 00    ..1O............
0030: 00 00 00 00  00 fb 14 e9  14 e9 00 2f  bd 98 00 00    .........../....
0040: 00 00 00 01  00 00 00 00  00 00 0f 44  45 53 4b 54    ...........DESKT
0050: 4f 50 2d 44  46 49 31 32  34 30 05 6c  6f 63 61 6c    OP-DFI1240.local
0060: 00 00 1c 80  01*                                      .....           


2026-04-16 02:01:47 DEBUG cic.cs.unb.ca.jnetpcap.PacketReader    null
********************************************************************************
0000:*33 33 00 01  00 03 f8 e4  e3 70 1d 90* 86 dd 60 04    33.......p....`.
0010: 16 d0 00 29  11 01 fe 80  00 00 00 00  00 00 4b 54    ...)..........KT
0020: ab b6 31 4f  96 7f ff 02  00 00 00 00  00 00 00 00    ..1O............
0030: 00 00 00 01  00 03 ec 3d  14 eb 00 29  bc 9b cc 23    .......=...)...#
0040: 00 00 00 01  00 00 00 00  00 00 0f 44  45 53 4b 54    ...........DESKT
0050: 4f 50 2d 44  46 49 31 32  34 30 00 00  01 00 01*      OP-DFI1240..... 


2026-04-16 02:01:47 DEBUG cic.cs.unb.ca.jnetpcap.PacketReader    null
********************************************************************************
0000:*33 33 00 01  00 03 f8 e4  e3 70 1d 90* 86 dd 60 01    33.......p....`.
0010: a6 e5 00 29  11 01 fe 80  00 00 00 00  00 00 4b 54    ...)..........KT
0020: ab b6 31 4f  96 7f ff 02  00 00 00 00  00 00 00 00    ..1O............
0030: 00 00 00 01  00 03 df 31  14 eb 00 29  bc 9b 32 80    .......1...)..2.
0040: 00 00 00 01  00 00 00 00  00 00 0f 44  45 53 4b 54    ...........DESKT
0050: 4f 50 2d 44  46 49 31 32  34 30 00 00  1c 00 01*      OP-DFI1240..... 


2026-04-16 02:01:47 DEBUG cic.cs.unb.ca.jnetpcap.PacketReader    null
********************************************************************************
0000:*33 33 00 00  00 fb f8 e4  e3 70 1d 90* 86 dd 60 02    33.......p....`.
0010: fb 93 00 2f  11 01 fe 80  00 00 00 00  00 00 4b 54    .../..........KT
0020: ab b6 31 4f  96 7f ff 02  00 00 00 00  00 00 00 00    ..1O............
0030: 00 00 00 00  00 fb 14 e9  14 e9 00 2f  bd 98 00 00    .........../....
0040: 00 00 00 01  00 00 00 00  00 00 0f 44  45 53 4b 54    ...........DESKT
0050: 4f 50 2d 44  46 49 31 32  34 30 05 6c  6f 63 61 6c    OP-DFI1240.local
0060: 00 00 01 00  01*                                      .....           


2026-04-16 02:01:47 DEBUG cic.cs.unb.ca.jnetpcap.PacketReader    null
********************************************************************************
0000:*33 33 00 00  00 fb f8 e4  e3 70 1d 90* 86 dd 60 02    33.......p....`.
0010: fb 93 00 2f  11 01 fe 80  00 00 00 00  00 00 4b 54    .../..........KT
0020: ab b6 31 4f  96 7f ff 02  00 00 00 00  00 00 00 00    ..1O............
0030: 00 00 00 00  00 fb 14 e9  14 e9 00 2f  bd 98 00 00    .........../....
0040: 00 00 00 01  00 00 00 00  00 00 0f 44  45 53 4b 54    ...........DESKT
0050: 4f 50 2d 44  46 49 31 32  34 30 05 6c  6f 63 61 6c    OP-DFI1240.local
0060: 00 00 1c 80  01*                                      .....           


2026-04-16 02:01:47 DEBUG cic.cs.unb.ca.jnetpcap.PacketReader    null
********************************************************************************
0000:*33 33 00 01  00 03 f8 e4  e3 70 1d 90* 86 dd 60 04    33.......p....`.
0010: 16 d0 00 29  11 01 fe 80  00 00 00 00  00 00 4b 54    ...)..........KT
0020: ab b6 31 4f  96 7f ff 02  00 00 00 00  00 00 00 00    ..1O............
0030: 00 00 00 01  00 03 ec 3d  14 eb 00 29  bc 9b cc 23    .......=...)...#
0040: 00 00 00 01  00 00 00 00  00 00 0f 44  45 53 4b 54    ...........DESKT
0050: 4f 50 2d 44  46 49 31 32  34 30 00 00  01 00 01*      OP-DFI1240..... 


2026-04-16 02:01:47 DEBUG cic.cs.unb.ca.jnetpcap.PacketReader    null
********************************************************************************
0000:*33 33 00 01  00 03 f8 e4  e3 70 1d 90* 86 dd 60 01    33.......p....`.
0010: a6 e5 00 29  11 01 fe 80  00 00 00 00  00 00 4b 54    ...)..........KT
0020: ab b6 31 4f  96 7f ff 02  00 00 00 00  00 00 00 00    ..1O............
0030: 00 00 00 01  00 03 df 31  14 eb 00 29  bc 9b 32 80    .......1...)..2.
0040: 00 00 00 01  00 00 00 00  00 00 0f 44  45 53 4b 54    ...........DESKT
0050: 4f 50 2d 44  46 49 31 32  34 30 00 00  1c 00 01*      OP-DFI1240..... 


2026-04-16 02:01:47 DEBUG cic.cs.unb.ca.jnetpcap.PacketReader    null
********************************************************************************
0000:*33 33 00 00  00 fb f8 e4  e3 70 1d 90* 86 dd 60 02    33.......p....`.
0010: fb 93 00 2f  11 01 fe 80  00 00 00 00  00 00 4b 54    .../..........KT
0020: ab b6 31 4f  96 7f ff 02  00 00 00 00  00 00 00 00    ..1O............
0030: 00 00 00 00  00 fb 14 e9  14 e9 00 2f  bd 98 00 00    .........../....
0040: 00 00 00 01  00 00 00 00  00 00 0f 44  45 53 4b 54    ...........DESKT
0050: 4f 50 2d 44  46 49 31 32  34 30 05 6c  6f 63 61 6c    OP-DFI1240.local
0060: 00 00 01 00  01*                                      .....           


2026-04-16 02:01:47 DEBUG cic.cs.unb.ca.jnetpcap.PacketReader    null
********************************************************************************
0000:*33 33 00 00  00 fb f8 e4  e3 70 1d 90* 86 dd 60 02    33.......p....`.
0010: fb 93 00 2f  11 01 fe 80  00 00 00 00  00 00 4b 54    .../..........KT
0020: ab b6 31 4f  96 7f ff 02  00 00 00 00  00 00 00 00    ..1O............
0030: 00 00 00 00  00 fb 14 e9  14 e9 00 2f  bd 98 00 00    .........../....
0040: 00 00 00 01  00 00 00 00  00 00 0f 44  45 53 4b 54    ...........DESKT
0050: 4f 50 2d 44  46 49 31 32  34 30 05 6c  6f 63 61 6c    OP-DFI1240.local
0060: 00 00 1c 00  01*                                      .....           


2026-04-16 02:01:47 DEBUG cic.cs.unb.ca.jnetpcap.PacketReader    null
********************************************************************************
0000:*33 33 00 00  00 fb f8 e4  e3 70 1d 90* 86 dd 60 02    33.......p....`.
0010: fb 93 00 2f  11 01 fe 80  00 00 00 00  00 00 4b 54    .../..........KT
0020: ab b6 31 4f  96 7f ff 02  00 00 00 00  00 00 00 00    ..1O............
0030: 00 00 00 00  00 fb 14 e9  14 e9 00 2f  bd 98 00 00    .........../....
0040: 00 00 00 01  00 00 00 00  00 00 0f 44  45 53 4b 54    ...........DESKT
0050: 4f 50 2d 44  46 49 31 32  34 30 05 6c  6f 63 61 6c    OP-DFI1240.local
0060: 00 00 01 00  01*                                      .....           


2026-04-16 02:01:47 DEBUG cic.cs.unb.ca.jnetpcap.PacketReader    null
********************************************************************************
0000:*33 33 00 00  00 fb f8 e4  e3 70 1d 90* 86 dd 60 02    33.......p....`.
0010: fb 93 00 2f  11 01 fe 80  00 00 00 00  00 00 4b 54    .../..........KT
0020: ab b6 31 4f  96 7f ff 02  00 00 00 00  00 00 00 00    ..1O............
0030: 00 00 00 00  00 fb 14 e9  14 e9 00 2f  bd 98 00 00    .........../....
0040: 00 00 00 01  00 00 00 00  00 00 0f 44  45 53 4b 54    ...........DESKT
0050: 4f 50 2d 44  46 49 31 32  34 30 05 6c  6f 63 61 6c    OP-DFI1240.local
0060: 00 00 1c 80  01*                                      .....           


2026-04-16 02:01:47 DEBUG cic.cs.unb.ca.jnetpcap.PacketReader    null
********************************************************************************
0000:*33 33 00 01  00 03 f8 e4  e3 70 1d 90* 86 dd 60 0e    33.......p....`.
0010: 76 0c 00 29  11 01 fe 80  00 00 00 00  00 00 4b 54    v..)..........KT
0020: ab b6 31 4f  96 7f ff 02  00 00 00 00  00 00 00 00    ..1O............
0030: 00 00 00 01  00 03 c4 93  14 eb 00 29  bc 9b 28 dc    ...........)..(.
0040: 00 00 00 01  00 00 00 00  00 00 0f 44  45 53 4b 54    ...........DESKT
0050: 4f 50 2d 44  46 49 31 32  34 30 00 00  01 00 01*      OP-DFI1240..... 


2026-04-16 02:01:47 DEBUG cic.cs.unb.ca.jnetpcap.PacketReader    null
********************************************************************************
0000:*33 33 00 01  00 03 f8 e4  e3 70 1d 90* 86 dd 60 04    33.......p....`.
0010: 30 5a 00 29  11 01 fe 80  00 00 00 00  00 00 4b 54    0Z.)..........KT
0020: ab b6 31 4f  96 7f ff 02  00 00 00 00  00 00 00 00    ..1O............
0030: 00 00 00 01  00 03 da ed  14 eb 00 29  bc 9b 44 e1    ...........)..D.
0040: 00 00 00 01  00 00 00 00  00 00 0f 44  45 53 4b 54    ...........DESKT
0050: 4f 50 2d 44  46 49 31 32  34 30 00 00  1c 00 01*      OP-DFI1240..... 


2026-04-16 02:01:47 DEBUG cic.cs.unb.ca.jnetpcap.PacketReader    null
********************************************************************************
0000:*33 33 00 00  00 fb f8 e4  e3 70 1d 90* 86 dd 60 02    33.......p....`.
0010: fb 93 00 2f  11 01 fe 80  00 00 00 00  00 00 4b 54    .../..........KT
0020: ab b6 31 4f  96 7f ff 02  00 00 00 00  00 00 00 00    ..1O............
0030: 00 00 00 00  00 fb 14 e9  14 e9 00 2f  bd 98 00 00    .........../....
0040: 00 00 00 01  00 00 00 00  00 00 0f 44  45 53 4b 54    ...........DESKT
0050: 4f 50 2d 44  46 49 31 32  34 30 05 6c  6f 63 61 6c    OP-DFI1240.local
0060: 00 00 01 00  01*                                      .....           


2026-04-16 02:01:47 DEBUG cic.cs.unb.ca.jnetpcap.PacketReader    null
********************************************************************************
0000:*33 33 00 00  00 fb f8 e4  e3 70 1d 90* 86 dd 60 02    33.......p....`.
0010: fb 93 00 2f  11 01 fe 80  00 00 00 00  00 00 4b 54    .../..........KT
0020: ab b6 31 4f  96 7f ff 02  00 00 00 00  00 00 00 00    ..1O............
0030: 00 00 00 00  00 fb 14 e9  14 e9 00 2f  bd 98 00 00    .........../....
0040: 00 00 00 01  00 00 00 00  00 00 0f 44  45 53 4b 54    ...........DESKT
0050: 4f 50 2d 44  46 49 31 32  34 30 05 6c  6f 63 61 6c    OP-DFI1240.local
0060: 00 00 1c 80  01*                                      .....           


2026-04-16 02:01:47 DEBUG cic.cs.unb.ca.jnetpcap.PacketReader    null
********************************************************************************
0000:*33 33 00 01  00 03 f8 e4  e3 70 1d 90* 86 dd 60 04    33.......p....`.
0010: 30 5a 00 29  11 01 fe 80  00 00 00 00  00 00 4b 54    0Z.)..........KT
0020: ab b6 31 4f  96 7f ff 02  00 00 00 00  00 00 00 00    ..1O............
0030: 00 00 00 01  00 03 da ed  14 eb 00 29  bc 9b 44 e1    ...........)..D.
0040: 00 00 00 01  00 00 00 00  00 00 0f 44  45 53 4b 54    ...........DESKT
0050: 4f 50 2d 44  46 49 31 32  34 30 00 00  1c 00 01*      OP-DFI1240..... 


2026-04-16 02:01:47 DEBUG cic.cs.unb.ca.jnetpcap.PacketReader    null
********************************************************************************
0000:*33 33 00 01  00 03 f8 e4  e3 70 1d 90* 86 dd 60 0e    33.......p....`.
0010: 76 0c 00 29  11 01 fe 80  00 00 00 00  00 00 4b 54    v..)..........KT
0020: ab b6 31 4f  96 7f ff 02  00 00 00 00  00 00 00 00    ..1O............
0030: 00 00 00 01  00 03 c4 93  14 eb 00 29  bc 9b 28 dc    ...........)..(.
0040: 00 00 00 01  00 00 00 00  00 00 0f 44  45 53 4b 54    ...........DESKT
0050: 4f 50 2d 44  46 49 31 32  34 30 00 00  01 00 01*      OP-DFI1240..... 


2026-04-16 02:01:47 DEBUG cic.cs.unb.ca.jnetpcap.PacketReader    null
********************************************************************************
0000:*33 33 00 00  00 fb f8 e4  e3 70 1d 90* 86 dd 60 02    33.......p....`.
0010: fb 93 00 2f  11 01 fe 80  00 00 00 00  00 00 4b 54    .../..........KT
0020: ab b6 31 4f  96 7f ff 02  00 00 00 00  00 00 00 00    ..1O............
0030: 00 00 00 00  00 fb 14 e9  14 e9 00 2f  bd 98 00 00    .........../....
0040: 00 00 00 01  00 00 00 00  00 00 0f 44  45 53 4b 54    ...........DESKT
0050: 4f 50 2d 44  46 49 31 32  34 30 05 6c  6f 63 61 6c    OP-DFI1240.local
0060: 00 00 01 00  01*                                      .....           


2026-04-16 02:01:47 DEBUG cic.cs.unb.ca.jnetpcap.PacketReader    null
********************************************************************************
0000:*33 33 00 00  00 fb f8 e4  e3 70 1d 90* 86 dd 60 02    33.......p....`.
0010: fb 93 00 2f  11 01 fe 80  00 00 00 00  00 00 4b 54    .../..........KT
0020: ab b6 31 4f  96 7f ff 02  00 00 00 00  00 00 00 00    ..1O............
0030: 00 00 00 00  00 fb 14 e9  14 e9 00 2f  bd 98 00 00    .........../....
0040: 00 00 00 01  00 00 00 00  00 00 0f 44  45 53 4b 54    ...........DESKT
0050: 4f 50 2d 44  46 49 31 32  34 30 05 6c  6f 63 61 6c    OP-DFI1240.local
0060: 00 00 1c 00  01*                                      .....           


2026-04-16 02:01:47 DEBUG cic.cs.unb.ca.jnetpcap.FlowGenerator    FlagFIN current has 19 flow
2026-04-16 02:01:47 DEBUG cic.cs.unb.ca.jnetpcap.PacketReader    null
********************************************************************************
0000:*33 33 00 00  00 fb f8 e4  e3 70 1d 90* 86 dd 60 02    33.......p....`.
0010: fb 93 00 2f  11 01 fe 80  00 00 00 00  00 00 4b 54    .../..........KT
0020: ab b6 31 4f  96 7f ff 02  00 00 00 00  00 00 00 00    ..1O............
0030: 00 00 00 00  00 fb 14 e9  14 e9 00 2f  bd 98 00 00    .........../....
0040: 00 00 00 01  00 00 00 00  00 00 0f 44  45 53 4b 54    ...........DESKT
0050: 4f 50 2d 44  46 49 31 32  34 30 05 6c  6f 63 61 6c    OP-DFI1240.local
0060: 00 00 01 00  01*                                      .....           


2026-04-16 02:01:47 DEBUG cic.cs.unb.ca.jnetpcap.PacketReader    null
********************************************************************************
0000:*33 33 00 00  00 fb f8 e4  e3 70 1d 90* 86 dd 60 02    33.......p....`.
0010: fb 93 00 2f  11 01 fe 80  00 00 00 00  00 00 4b 54    .../..........KT
0020: ab b6 31 4f  96 7f ff 02  00 00 00 00  00 00 00 00    ..1O............
0030: 00 00 00 00  00 fb 14 e9  14 e9 00 2f  bd 98 00 00    .........../....
0040: 00 00 00 01  00 00 00 00  00 00 0f 44  45 53 4b 54    ...........DESKT
0050: 4f 50 2d 44  46 49 31 32  34 30 05 6c  6f 63 61 6c    OP-DFI1240.local
0060: 00 00 1c 80  01*                                      .....           


2026-04-16 02:01:47 DEBUG cic.cs.unb.ca.jnetpcap.PacketReader    null
********************************************************************************
0000:*33 33 00 01  00 03 f8 e4  e3 70 1d 90* 86 dd 60 0f    33.......p....`.
0010: c2 38 00 29  11 01 fe 80  00 00 00 00  00 00 4b 54    .8.)..........KT
0020: ab b6 31 4f  96 7f ff 02  00 00 00 00  00 00 00 00    ..1O............
0030: 00 00 00 01  00 03 c4 e6  14 eb 00 29  bc 9b bb 88    ...........)....
0040: 00 00 00 01  00 00 00 00  00 00 0f 44  45 53 4b 54    ...........DESKT
0050: 4f 50 2d 44  46 49 31 32  34 30 00 00  01 00 01*      OP-DFI1240..... 


2026-04-16 02:01:47 DEBUG cic.cs.unb.ca.jnetpcap.PacketReader    null
********************************************************************************
0000:*33 33 00 01  00 03 f8 e4  e3 70 1d 90* 86 dd 60 0a    33.......p....`.
0010: c5 99 00 29  11 01 fe 80  00 00 00 00  00 00 4b 54    ...)..........KT
0020: ab b6 31 4f  96 7f ff 02  00 00 00 00  00 00 00 00    ..1O............
0030: 00 00 00 01  00 03 c0 3d  14 eb 00 29  bc 9b 6e 25    .......=...)..n%
0040: 00 00 00 01  00 00 00 00  00 00 0f 44  45 53 4b 54    ...........DESKT
0050: 4f 50 2d 44  46 49 31 32  34 30 00 00  1c 00 01*      OP-DFI1240..... 


2026-04-16 02:01:47 DEBUG cic.cs.unb.ca.jnetpcap.PacketReader    null
********************************************************************************
0000:*33 33 00 00  00 fb f8 e4  e3 70 1d 90* 86 dd 60 02    33.......p....`.
0010: fb 93 00 2f  11 01 fe 80  00 00 00 00  00 00 4b 54    .../..........KT
0020: ab b6 31 4f  96 7f ff 02  00 00 00 00  00 00 00 00    ..1O............
0030: 00 00 00 00  00 fb 14 e9  14 e9 00 2f  bd 98 00 00    .........../....
0040: 00 00 00 01  00 00 00 00  00 00 0f 44  45 53 4b 54    ...........DESKT
0050: 4f 50 2d 44  46 49 31 32  34 30 05 6c  6f 63 61 6c    OP-DFI1240.local
0060: 00 00 01 00  01*                                      .....           


2026-04-16 02:01:47 DEBUG cic.cs.unb.ca.jnetpcap.PacketReader    null
********************************************************************************
0000:*33 33 00 00  00 fb f8 e4  e3 70 1d 90* 86 dd 60 02    33.......p....`.
0010: fb 93 00 2f  11 01 fe 80  00 00 00 00  00 00 4b 54    .../..........KT
0020: ab b6 31 4f  96 7f ff 02  00 00 00 00  00 00 00 00    ..1O............
0030: 00 00 00 00  00 fb 14 e9  14 e9 00 2f  bd 98 00 00    .........../....
0040: 00 00 00 01  00 00 00 00  00 00 0f 44  45 53 4b 54    ...........DESKT
0050: 4f 50 2d 44  46 49 31 32  34 30 05 6c  6f 63 61 6c    OP-DFI1240.local
0060: 00 00 1c 80  01*                                      .....           


2026-04-16 02:01:47 DEBUG cic.cs.unb.ca.jnetpcap.PacketReader    null
********************************************************************************
0000:*33 33 00 01  00 03 f8 e4  e3 70 1d 90* 86 dd 60 0f    33.......p....`.
0010: c2 38 00 29  11 01 fe 80  00 00 00 00  00 00 4b 54    .8.)..........KT
0020: ab b6 31 4f  96 7f ff 02  00 00 00 00  00 00 00 00    ..1O............
0030: 00 00 00 01  00 03 c4 e6  14 eb 00 29  bc 9b bb 88    ...........)....
0040: 00 00 00 01  00 00 00 00  00 00 0f 44  45 53 4b 54    ...........DESKT
0050: 4f 50 2d 44  46 49 31 32  34 30 00 00  01 00 01*      OP-DFI1240..... 


2026-04-16 02:01:47 DEBUG cic.cs.unb.ca.jnetpcap.PacketReader    null
********************************************************************************
0000:*33 33 00 01  00 03 f8 e4  e3 70 1d 90* 86 dd 60 0a    33.......p....`.
0010: c5 99 00 29  11 01 fe 80  00 00 00 00  00 00 4b 54    ...)..........KT
0020: ab b6 31 4f  96 7f ff 02  00 00 00 00  00 00 00 00    ..1O............
0030: 00 00 00 01  00 03 c0 3d  14 eb 00 29  bc 9b 6e 25    .......=...)..n%
0040: 00 00 00 01  00 00 00 00  00 00 0f 44  45 53 4b 54    ...........DESKT
0050: 4f 50 2d 44  46 49 31 32  34 30 00 00  1c 00 01*      OP-DFI1240..... 


2026-04-16 02:01:47 DEBUG cic.cs.unb.ca.jnetpcap.PacketReader    null
********************************************************************************
0000:*33 33 00 00  00 fb f8 e4  e3 70 1d 90* 86 dd 60 02    33.......p....`.
0010: fb 93 00 2f  11 01 fe 80  00 00 00 00  00 00 4b 54    .../..........KT
0020: ab b6 31 4f  96 7f ff 02  00 00 00 00  00 00 00 00    ..1O............
0030: 00 00 00 00  00 fb 14 e9  14 e9 00 2f  bd 98 00 00    .........../....
0040: 00 00 00 01  00 00 00 00  00 00 0f 44  45 53 4b 54    ...........DESKT
0050: 4f 50 2d 44  46 49 31 32  34 30 05 6c  6f 63 61 6c    OP-DFI1240.local
0060: 00 00 1c 00  01*                                      .....           


2026-04-16 02:01:47 DEBUG cic.cs.unb.ca.jnetpcap.PacketReader    null
********************************************************************************
0000:*33 33 00 00  00 fb f8 e4  e3 70 1d 90* 86 dd 60 02    33.......p....`.
0010: fb 93 00 2f  11 01 fe 80  00 00 00 00  00 00 4b 54    .../..........KT
0020: ab b6 31 4f  96 7f ff 02  00 00 00 00  00 00 00 00    ..1O............
0030: 00 00 00 00  00 fb 14 e9  14 e9 00 2f  bd 98 00 00    .........../....
0040: 00 00 00 01  00 00 00 00  00 00 0f 44  45 53 4b 54    ...........DESKT
0050: 4f 50 2d 44  46 49 31 32  34 30 05 6c  6f 63 61 6c    OP-DFI1240.local
0060: 00 00 01 00  01*                                      .....           


2026-04-16 02:01:47 DEBUG cic.cs.unb.ca.jnetpcap.PacketReader    null
********************************************************************************
0000:*33 33 00 00  00 fb f8 e4  e3 70 1d 90* 86 dd 60 02    33.......p....`.
0010: fb 93 00 2f  11 01 fe 80  00 00 00 00  00 00 4b 54    .../..........KT
0020: ab b6 31 4f  96 7f ff 02  00 00 00 00  00 00 00 00    ..1O............
0030: 00 00 00 00  00 fb 14 e9  14 e9 00 2f  bd 98 00 00    .........../....
0040: 00 00 00 01  00 00 00 00  00 00 0f 44  45 53 4b 54    ...........DESKT
0050: 4f 50 2d 44  46 49 31 32  34 30 05 6c  6f 63 61 6c    OP-DFI1240.local
0060: 00 00 01 00  01*                                      .....           


2026-04-16 02:01:47 DEBUG cic.cs.unb.ca.jnetpcap.PacketReader    null
********************************************************************************
0000:*33 33 00 00  00 fb f8 e4  e3 70 1d 90* 86 dd 60 02    33.......p....`.
0010: fb 93 00 2f  11 01 fe 80  00 00 00 00  00 00 4b 54    .../..........KT
0020: ab b6 31 4f  96 7f ff 02  00 00 00 00  00 00 00 00    ..1O............
0030: 00 00 00 00  00 fb 14 e9  14 e9 00 2f  bd 98 00 00    .........../....
0040: 00 00 00 01  00 00 00 00  00 00 0f 44  45 53 4b 54    ...........DESKT
0050: 4f 50 2d 44  46 49 31 32  34 30 05 6c  6f 63 61 6c    OP-DFI1240.local
0060: 00 00 1c 80  01*                                      .....           


2026-04-16 02:01:47 DEBUG cic.cs.unb.ca.jnetpcap.PacketReader    null
********************************************************************************
0000:*33 33 00 01  00 03 f8 e4  e3 70 1d 90* 86 dd 60 06    33.......p....`.
0010: 3a f4 00 29  11 01 fe 80  00 00 00 00  00 00 4b 54    :..)..........KT
0020: ab b6 31 4f  96 7f ff 02  00 00 00 00  00 00 00 00    ..1O............
0030: 00 00 00 01  00 03 ff 6c  14 eb 00 29  bc 9b d4 e2    .......l...)....
0040: 00 00 00 01  00 00 00 00  00 00 0f 44  45 53 4b 54    ...........DESKT
0050: 4f 50 2d 44  46 49 31 32  34 30 00 00  01 00 01*      OP-DFI1240..... 


2026-04-16 02:01:47 DEBUG cic.cs.unb.ca.jnetpcap.PacketReader    null
********************************************************************************
0000:*33 33 00 01  00 03 f8 e4  e3 70 1d 90* 86 dd 60 06    33.......p....`.
0010: 5f 20 00 29  11 01 fe 80  00 00 00 00  00 00 4b 54    _ .)..........KT
0020: ab b6 31 4f  96 7f ff 02  00 00 00 00  00 00 00 00    ..1O............
0030: 00 00 00 01  00 03 e7 25  14 eb 00 29  bc 9b f8 fb    .......%...)....
0040: 00 00 00 01  00 00 00 00  00 00 0f 44  45 53 4b 54    ...........DESKT
0050: 4f 50 2d 44  46 49 31 32  34 30 00 00  1c 00 01*      OP-DFI1240..... 


2026-04-16 02:01:47 DEBUG cic.cs.unb.ca.jnetpcap.PacketReader    null
********************************************************************************
0000:*33 33 00 00  00 fb f8 e4  e3 70 1d 90* 86 dd 60 02    33.......p....`.
0010: fb 93 00 2f  11 01 fe 80  00 00 00 00  00 00 4b 54    .../..........KT
0020: ab b6 31 4f  96 7f ff 02  00 00 00 00  00 00 00 00    ..1O............
0030: 00 00 00 00  00 fb 14 e9  14 e9 00 2f  bd 98 00 00    .........../....
0040: 00 00 00 01  00 00 00 00  00 00 0f 44  45 53 4b 54    ...........DESKT
0050: 4f 50 2d 44  46 49 31 32  34 30 05 6c  6f 63 61 6c    OP-DFI1240.local
0060: 00 00 01 00  01*                                      .....           


2026-04-16 02:01:47 DEBUG cic.cs.unb.ca.jnetpcap.PacketReader    null
********************************************************************************
0000:*33 33 00 00  00 fb f8 e4  e3 70 1d 90* 86 dd 60 02    33.......p....`.
0010: fb 93 00 2f  11 01 fe 80  00 00 00 00  00 00 4b 54    .../..........KT
0020: ab b6 31 4f  96 7f ff 02  00 00 00 00  00 00 00 00    ..1O............
0030: 00 00 00 00  00 fb 14 e9  14 e9 00 2f  bd 98 00 00    .........../....
0040: 00 00 00 01  00 00 00 00  00 00 0f 44  45 53 4b 54    ...........DESKT
0050: 4f 50 2d 44  46 49 31 32  34 30 05 6c  6f 63 61 6c    OP-DFI1240.local
0060: 00 00 1c 80  01*                                      .....           


2026-04-16 02:01:47 DEBUG cic.cs.unb.ca.jnetpcap.PacketReader    null
********************************************************************************
0000:*33 33 00 01  00 03 f8 e4  e3 70 1d 90* 86 dd 60 06    33.......p....`.
0010: 5f 20 00 29  11 01 fe 80  00 00 00 00  00 00 4b 54    _ .)..........KT
0020: ab b6 31 4f  96 7f ff 02  00 00 00 00  00 00 00 00    ..1O............
0030: 00 00 00 01  00 03 e7 25  14 eb 00 29  bc 9b f8 fb    .......%...)....
0040: 00 00 00 01  00 00 00 00  00 00 0f 44  45 53 4b 54    ...........DESKT
0050: 4f 50 2d 44  46 49 31 32  34 30 00 00  1c 00 01*      OP-DFI1240..... 


2026-04-16 02:01:47 DEBUG cic.cs.unb.ca.jnetpcap.PacketReader    null
********************************************************************************
0000:*33 33 00 01  00 03 f8 e4  e3 70 1d 90* 86 dd 60 06    33.......p....`.
0010: 3a f4 00 29  11 01 fe 80  00 00 00 00  00 00 4b 54    :..)..........KT
0020: ab b6 31 4f  96 7f ff 02  00 00 00 00  00 00 00 00    ..1O............
0030: 00 00 00 01  00 03 ff 6c  14 eb 00 29  bc 9b d4 e2    .......l...)....
0040: 00 00 00 01  00 00 00 00  00 00 0f 44  45 53 4b 54    ...........DESKT
0050: 4f 50 2d 44  46 49 31 32  34 30 00 00  01 00 01*      OP-DFI1240..... 


2026-04-16 02:01:47 DEBUG cic.cs.unb.ca.jnetpcap.PacketReader    null
********************************************************************************
0000:*33 33 00 00  00 fb f8 e4  e3 70 1d 90* 86 dd 60 02    33.......p....`.
0010: fb 93 00 2f  11 01 fe 80  00 00 00 00  00 00 4b 54    .../..........KT
0020: ab b6 31 4f  96 7f ff 02  00 00 00 00  00 00 00 00    ..1O............
0030: 00 00 00 00  00 fb 14 e9  14 e9 00 2f  bd 98 00 00    .........../....
0040: 00 00 00 01  00 00 00 00  00 00 0f 44  45 53 4b 54    ...........DESKT
0050: 4f 50 2d 44  46 49 31 32  34 30 05 6c  6f 63 61 6c    OP-DFI1240.local
0060: 00 00 01 00  01*                                      .....           


2026-04-16 02:01:47 DEBUG cic.cs.unb.ca.jnetpcap.PacketReader    null
********************************************************************************
0000:*33 33 00 00  00 fb f8 e4  e3 70 1d 90* 86 dd 60 02    33.......p....`.
0010: fb 93 00 2f  11 01 fe 80  00 00 00 00  00 00 4b 54    .../..........KT
0020: ab b6 31 4f  96 7f ff 02  00 00 00 00  00 00 00 00    ..1O............
0030: 00 00 00 00  00 fb 14 e9  14 e9 00 2f  bd 98 00 00    .........../....
0040: 00 00 00 01  00 00 00 00  00 00 0f 44  45 53 4b 54    ...........DESKT
0050: 4f 50 2d 44  46 49 31 32  34 30 05 6c  6f 63 61 6c    OP-DFI1240.local
0060: 00 00 1c 00  01*                                      .....           


2026-04-16 02:01:47 DEBUG cic.cs.unb.ca.jnetpcap.PacketReader    null
********************************************************************************
0000:*33 33 00 00  00 fb f8 e4  e3 70 1d 90* 86 dd 60 02    33.......p....`.
0010: fb 93 00 2f  11 01 fe 80  00 00 00 00  00 00 4b 54    .../..........KT
0020: ab b6 31 4f  96 7f ff 02  00 00 00 00  00 00 00 00    ..1O............
0030: 00 00 00 00  00 fb 14 e9  14 e9 00 2f  bd 98 00 00    .........../....
0040: 00 00 00 01  00 00 00 00  00 00 0f 44  45 53 4b 54    ...........DESKT
0050: 4f 50 2d 44  46 49 31 32  34 30 05 6c  6f 63 61 6c    OP-DFI1240.local
0060: 00 00 01 00  01*                                      .....           


2026-04-16 02:01:47 DEBUG cic.cs.unb.ca.jnetpcap.PacketReader    null
********************************************************************************
0000:*33 33 00 00  00 fb f8 e4  e3 70 1d 90* 86 dd 60 02    33.......p....`.
0010: fb 93 00 2f  11 01 fe 80  00 00 00 00  00 00 4b 54    .../..........KT
0020: ab b6 31 4f  96 7f ff 02  00 00 00 00  00 00 00 00    ..1O............
0030: 00 00 00 00  00 fb 14 e9  14 e9 00 2f  bd 98 00 00    .........../....
0040: 00 00 00 01  00 00 00 00  00 00 0f 44  45 53 4b 54    ...........DESKT
0050: 4f 50 2d 44  46 49 31 32  34 30 05 6c  6f 63 61 6c    OP-DFI1240.local
0060: 00 00 1c 80  01*                                      .....           


2026-04-16 02:01:47 DEBUG cic.cs.unb.ca.jnetpcap.PacketReader    null
********************************************************************************
0000:*33 33 00 01  00 03 f8 e4  e3 70 1d 90* 86 dd 60 0b    33.......p....`.
0010: cf bb 00 29  11 01 fe 80  00 00 00 00  00 00 4b 54    ...)..........KT
0020: ab b6 31 4f  96 7f ff 02  00 00 00 00  00 00 00 00    ..1O............
0030: 00 00 00 01  00 03 dd fb  14 eb 00 29  bc 9b 6d ed    ...........)..m.
0040: 00 00 00 01  00 00 00 00  00 00 0f 44  45 53 4b 54    ...........DESKT
0050: 4f 50 2d 44  46 49 31 32  34 30 00 00  01 00 01*      OP-DFI1240..... 


2026-04-16 02:01:47 DEBUG cic.cs.unb.ca.jnetpcap.PacketReader    null
********************************************************************************
0000:*33 33 00 01  00 03 f8 e4  e3 70 1d 90* 86 dd 60 07    33.......p....`.
0010: 9b 4b 00 29  11 01 fe 80  00 00 00 00  00 00 4b 54    .K.)..........KT
0020: ab b6 31 4f  96 7f ff 02  00 00 00 00  00 00 00 00    ..1O............
0030: 00 00 00 01  00 03 ca da  14 eb 00 29  bc 9b 01 c9    ...........)....
0040: 00 00 00 01  00 00 00 00  00 00 0f 44  45 53 4b 54    ...........DESKT
0050: 4f 50 2d 44  46 49 31 32  34 30 00 00  1c 00 01*      OP-DFI1240..... 


2026-04-16 02:01:47 DEBUG cic.cs.unb.ca.jnetpcap.PacketReader    null
********************************************************************************
0000:*33 33 00 00  00 fb f8 e4  e3 70 1d 90* 86 dd 60 02    33.......p....`.
0010: fb 93 00 2f  11 01 fe 80  00 00 00 00  00 00 4b 54    .../..........KT
0020: ab b6 31 4f  96 7f ff 02  00 00 00 00  00 00 00 00    ..1O............
0030: 00 00 00 00  00 fb 14 e9  14 e9 00 2f  bd 98 00 00    .........../....
0040: 00 00 00 01  00 00 00 00  00 00 0f 44  45 53 4b 54    ...........DESKT
0050: 4f 50 2d 44  46 49 31 32  34 30 05 6c  6f 63 61 6c    OP-DFI1240.local
0060: 00 00 01 00  01*                                      .....           


2026-04-16 02:01:47 DEBUG cic.cs.unb.ca.jnetpcap.PacketReader    null
********************************************************************************
0000:*33 33 00 00  00 fb f8 e4  e3 70 1d 90* 86 dd 60 02    33.......p....`.
0010: fb 93 00 2f  11 01 fe 80  00 00 00 00  00 00 4b 54    .../..........KT
0020: ab b6 31 4f  96 7f ff 02  00 00 00 00  00 00 00 00    ..1O............
0030: 00 00 00 00  00 fb 14 e9  14 e9 00 2f  bd 98 00 00    .........../....
0040: 00 00 00 01  00 00 00 00  00 00 0f 44  45 53 4b 54    ...........DESKT
0050: 4f 50 2d 44  46 49 31 32  34 30 05 6c  6f 63 61 6c    OP-DFI1240.local
0060: 00 00 1c 80  01*                                      .....           


2026-04-16 02:01:47 DEBUG cic.cs.unb.ca.jnetpcap.PacketReader    null
********************************************************************************
0000:*33 33 00 01  00 03 f8 e4  e3 70 1d 90* 86 dd 60 07    33.......p....`.
0010: 9b 4b 00 29  11 01 fe 80  00 00 00 00  00 00 4b 54    .K.)..........KT
0020: ab b6 31 4f  96 7f ff 02  00 00 00 00  00 00 00 00    ..1O............
0030: 00 00 00 01  00 03 ca da  14 eb 00 29  bc 9b 01 c9    ...........)....
0040: 00 00 00 01  00 00 00 00  00 00 0f 44  45 53 4b 54    ...........DESKT
0050: 4f 50 2d 44  46 49 31 32  34 30 00 00  1c 00 01*      OP-DFI1240..... 


2026-04-16 02:01:47 DEBUG cic.cs.unb.ca.jnetpcap.PacketReader    null
********************************************************************************
0000:*33 33 00 01  00 03 f8 e4  e3 70 1d 90* 86 dd 60 0b    33.......p....`.
0010: cf bb 00 29  11 01 fe 80  00 00 00 00  00 00 4b 54    ...)..........KT
0020: ab b6 31 4f  96 7f ff 02  00 00 00 00  00 00 00 00    ..1O............
0030: 00 00 00 01  00 03 dd fb  14 eb 00 29  bc 9b 6d ed    ...........)..m.
0040: 00 00 00 01  00 00 00 00  00 00 0f 44  45 53 4b 54    ...........DESKT
0050: 4f 50 2d 44  46 49 31 32  34 30 00 00  01 00 01*      OP-DFI1240..... 


2026-04-16 02:01:47 DEBUG cic.cs.unb.ca.jnetpcap.PacketReader    null
********************************************************************************
0000:*33 33 00 00  00 fb f8 e4  e3 70 1d 90* 86 dd 60 02    33.......p....`.
0010: fb 93 00 2f  11 01 fe 80  00 00 00 00  00 00 4b 54    .../..........KT
0020: ab b6 31 4f  96 7f ff 02  00 00 00 00  00 00 00 00    ..1O............
0030: 00 00 00 00  00 fb 14 e9  14 e9 00 2f  bd 98 00 00    .........../....
0040: 00 00 00 01  00 00 00 00  00 00 0f 44  45 53 4b 54    ...........DESKT
0050: 4f 50 2d 44  46 49 31 32  34 30 05 6c  6f 63 61 6c    OP-DFI1240.local
0060: 00 00 01 00  01*                                      .....           


2026-04-16 02:01:47 DEBUG cic.cs.unb.ca.jnetpcap.PacketReader    null
********************************************************************************
0000:*33 33 00 00  00 fb f8 e4  e3 70 1d 90* 86 dd 60 02    33.......p....`.
0010: fb 93 00 2f  11 01 fe 80  00 00 00 00  00 00 4b 54    .../..........KT
0020: ab b6 31 4f  96 7f ff 02  00 00 00 00  00 00 00 00    ..1O............
0030: 00 00 00 00  00 fb 14 e9  14 e9 00 2f  bd 98 00 00    .........../....
0040: 00 00 00 01  00 00 00 00  00 00 0f 44  45 53 4b 54    ...........DESKT
0050: 4f 50 2d 44  46 49 31 32  34 30 05 6c  6f 63 61 6c    OP-DFI1240.local
0060: 00 00 1c 00  01*                                      .....           


2026-04-16 02:01:47 DEBUG cic.cs.unb.ca.jnetpcap.PacketReader    null
********************************************************************************
0000:*33 33 00 00  00 fb f8 e4  e3 70 1d 90* 86 dd 60 02    33.......p....`.
0010: fb 93 00 2f  11 01 fe 80  00 00 00 00  00 00 4b 54    .../..........KT
0020: ab b6 31 4f  96 7f ff 02  00 00 00 00  00 00 00 00    ..1O............
0030: 00 00 00 00  00 fb 14 e9  14 e9 00 2f  bd 98 00 00    .........../....
0040: 00 00 00 01  00 00 00 00  00 00 0f 44  45 53 4b 54    ...........DESKT
0050: 4f 50 2d 44  46 49 31 32  34 30 05 6c  6f 63 61 6c    OP-DFI1240.local
0060: 00 00 01 00  01*                                      .....           


2026-04-16 02:01:47 DEBUG cic.cs.unb.ca.jnetpcap.PacketReader    null
********************************************************************************
0000:*33 33 00 00  00 fb f8 e4  e3 70 1d 90* 86 dd 60 02    33.......p....`.
0010: fb 93 00 2f  11 01 fe 80  00 00 00 00  00 00 4b 54    .../..........KT
0020: ab b6 31 4f  96 7f ff 02  00 00 00 00  00 00 00 00    ..1O............
0030: 00 00 00 00  00 fb 14 e9  14 e9 00 2f  bd 98 00 00    .........../....
0040: 00 00 00 01  00 00 00 00  00 00 0f 44  45 53 4b 54    ...........DESKT
0050: 4f 50 2d 44  46 49 31 32  34 30 05 6c  6f 63 61 6c    OP-DFI1240.local
0060: 00 00 1c 80  01*                                      .....           


2026-04-16 02:01:47 DEBUG cic.cs.unb.ca.jnetpcap.PacketReader    null
********************************************************************************
0000:*33 33 00 01  00 03 f8 e4  e3 70 1d 90* 86 dd 60 0f    33.......p....`.
0010: 20 99 00 29  11 01 fe 80  00 00 00 00  00 00 4b 54     ..)..........KT
0020: ab b6 31 4f  96 7f ff 02  00 00 00 00  00 00 00 00    ..1O............
0030: 00 00 00 01  00 03 fe 41  14 eb 00 29  bc 9b ec 8e    .......A...)....
0040: 00 00 00 01  00 00 00 00  00 00 0f 44  45 53 4b 54    ...........DESKT
0050: 4f 50 2d 44  46 49 31 32  34 30 00 00  01 00 01*      OP-DFI1240..... 


2026-04-16 02:01:47 DEBUG cic.cs.unb.ca.jnetpcap.PacketReader    null
********************************************************************************
0000:*33 33 00 01  00 03 f8 e4  e3 70 1d 90* 86 dd 60 09    33.......p....`.
0010: 5f cb 00 29  11 01 fe 80  00 00 00 00  00 00 4b 54    _..)..........KT
0020: ab b6 31 4f  96 7f ff 02  00 00 00 00  00 00 00 00    ..1O............
0030: 00 00 00 01  00 03 f7 4d  14 eb 00 29  bc 9b f2 ff    .......M...)....
0040: 00 00 00 01  00 00 00 00  00 00 0f 44  45 53 4b 54    ...........DESKT
0050: 4f 50 2d 44  46 49 31 32  34 30 00 00  1c 00 01*      OP-DFI1240..... 


2026-04-16 02:01:47 DEBUG cic.cs.unb.ca.jnetpcap.PacketReader    null
********************************************************************************
0000:*33 33 00 00  00 fb f8 e4  e3 70 1d 90* 86 dd 60 02    33.......p....`.
0010: fb 93 00 2f  11 01 fe 80  00 00 00 00  00 00 4b 54    .../..........KT
0020: ab b6 31 4f  96 7f ff 02  00 00 00 00  00 00 00 00    ..1O............
0030: 00 00 00 00  00 fb 14 e9  14 e9 00 2f  bd 98 00 00    .........../....
0040: 00 00 00 01  00 00 00 00  00 00 0f 44  45 53 4b 54    ...........DESKT
0050: 4f 50 2d 44  46 49 31 32  34 30 05 6c  6f 63 61 6c    OP-DFI1240.local
0060: 00 00 01 00  01*                                      .....           


2026-04-16 02:01:47 DEBUG cic.cs.unb.ca.jnetpcap.PacketReader    null
********************************************************************************
0000:*33 33 00 00  00 fb f8 e4  e3 70 1d 90* 86 dd 60 02    33.......p....`.
0010: fb 93 00 2f  11 01 fe 80  00 00 00 00  00 00 4b 54    .../..........KT
0020: ab b6 31 4f  96 7f ff 02  00 00 00 00  00 00 00 00    ..1O............
0030: 00 00 00 00  00 fb 14 e9  14 e9 00 2f  bd 98 00 00    .........../....
0040: 00 00 00 01  00 00 00 00  00 00 0f 44  45 53 4b 54    ...........DESKT
0050: 4f 50 2d 44  46 49 31 32  34 30 05 6c  6f 63 61 6c    OP-DFI1240.local
0060: 00 00 1c 80  01*                                      .....           


2026-04-16 02:01:47 DEBUG cic.cs.unb.ca.jnetpcap.PacketReader    null
********************************************************************************
0000:*33 33 00 01  00 03 f8 e4  e3 70 1d 90* 86 dd 60 0f    33.......p....`.
0010: 20 99 00 29  11 01 fe 80  00 00 00 00  00 00 4b 54     ..)..........KT
0020: ab b6 31 4f  96 7f ff 02  00 00 00 00  00 00 00 00    ..1O............
0030: 00 00 00 01  00 03 fe 41  14 eb 00 29  bc 9b ec 8e    .......A...)....
0040: 00 00 00 01  00 00 00 00  00 00 0f 44  45 53 4b 54    ...........DESKT
0050: 4f 50 2d 44  46 49 31 32  34 30 00 00  01 00 01*      OP-DFI1240..... 


2026-04-16 02:01:47 DEBUG cic.cs.unb.ca.jnetpcap.PacketReader    null
********************************************************************************
0000:*33 33 00 01  00 03 f8 e4  e3 70 1d 90* 86 dd 60 09    33.......p....`.
0010: 5f cb 00 29  11 01 fe 80  00 00 00 00  00 00 4b 54    _..)..........KT
0020: ab b6 31 4f  96 7f ff 02  00 00 00 00  00 00 00 00    ..1O............
0030: 00 00 00 01  00 03 f7 4d  14 eb 00 29  bc 9b f2 ff    .......M...)....
0040: 00 00 00 01  00 00 00 00  00 00 0f 44  45 53 4b 54    ...........DESKT
0050: 4f 50 2d 44  46 49 31 32  34 30 00 00  1c 00 01*      OP-DFI1240..... 


2026-04-16 02:01:47 DEBUG cic.cs.unb.ca.jnetpcap.PacketReader    null
********************************************************************************
0000:*33 33 00 00  00 fb f8 e4  e3 70 1d 90* 86 dd 60 02    33.......p....`.
0010: fb 93 00 2f  11 01 fe 80  00 00 00 00  00 00 4b 54    .../..........KT
0020: ab b6 31 4f  96 7f ff 02  00 00 00 00  00 00 00 00    ..1O............
0030: 00 00 00 00  00 fb 14 e9  14 e9 00 2f  bd 98 00 00    .........../....
0040: 00 00 00 01  00 00 00 00  00 00 0f 44  45 53 4b 54    ...........DESKT
0050: 4f 50 2d 44  46 49 31 32  34 30 05 6c  6f 63 61 6c    OP-DFI1240.local
0060: 00 00 01 00  01*                                      .....           


2026-04-16 02:01:47 DEBUG cic.cs.unb.ca.jnetpcap.PacketReader    null
********************************************************************************
0000:*33 33 00 00  00 fb f8 e4  e3 70 1d 90* 86 dd 60 02    33.......p....`.
0010: fb 93 00 2f  11 01 fe 80  00 00 00 00  00 00 4b 54    .../..........KT
0020: ab b6 31 4f  96 7f ff 02  00 00 00 00  00 00 00 00    ..1O............
0030: 00 00 00 00  00 fb 14 e9  14 e9 00 2f  bd 98 00 00    .........../....
0040: 00 00 00 01  00 00 00 00  00 00 0f 44  45 53 4b 54    ...........DESKT
0050: 4f 50 2d 44  46 49 31 32  34 30 05 6c  6f 63 61 6c    OP-DFI1240.local
0060: 00 00 1c 00  01*                                      .....           


2026-04-16 02:01:47 DEBUG cic.cs.unb.ca.jnetpcap.PacketReader    null
********************************************************************************
0000:*33 33 00 00  00 fb f8 e4  e3 70 1d 90* 86 dd 60 02    33.......p....`.
0010: fb 93 00 2f  11 01 fe 80  00 00 00 00  00 00 4b 54    .../..........KT
0020: ab b6 31 4f  96 7f ff 02  00 00 00 00  00 00 00 00    ..1O............
0030: 00 00 00 00  00 fb 14 e9  14 e9 00 2f  bd 98 00 00    .........../....
0040: 00 00 00 01  00 00 00 00  00 00 0f 44  45 53 4b 54    ...........DESKT
0050: 4f 50 2d 44  46 49 31 32  34 30 05 6c  6f 63 61 6c    OP-DFI1240.local
0060: 00 00 1c 80  01*                                      .....           


2026-04-16 02:01:47 DEBUG cic.cs.unb.ca.jnetpcap.PacketReader    null
********************************************************************************
0000:*33 33 00 00  00 fb f8 e4  e3 70 1d 90* 86 dd 60 02    33.......p....`.
0010: fb 93 00 2f  11 01 fe 80  00 00 00 00  00 00 4b 54    .../..........KT
0020: ab b6 31 4f  96 7f ff 02  00 00 00 00  00 00 00 00    ..1O............
0030: 00 00 00 00  00 fb 14 e9  14 e9 00 2f  bd 98 00 00    .........../....
0040: 00 00 00 01  00 00 00 00  00 00 0f 44  45 53 4b 54    ...........DESKT
0050: 4f 50 2d 44  46 49 31 32  34 30 05 6c  6f 63 61 6c    OP-DFI1240.local
0060: 00 00 01 00  01*                                      .....           


2026-04-16 02:01:47 DEBUG cic.cs.unb.ca.jnetpcap.PacketReader    null
********************************************************************************
0000:*33 33 00 01  00 03 f8 e4  e3 70 1d 90* 86 dd 60 05    33.......p....`.
0010: 70 60 00 29  11 01 fe 80  00 00 00 00  00 00 4b 54    p`.)..........KT
0020: ab b6 31 4f  96 7f ff 02  00 00 00 00  00 00 00 00    ..1O............
0030: 00 00 00 01  00 03 df 6c  14 eb 00 29  bc 9b 99 92    .......l...)....
0040: 00 00 00 01  00 00 00 00  00 00 0f 44  45 53 4b 54    ...........DESKT
0050: 4f 50 2d 44  46 49 31 32  34 30 00 00  01 00 01*      OP-DFI1240..... 


2026-04-16 02:01:47 DEBUG cic.cs.unb.ca.jnetpcap.PacketReader    null
********************************************************************************
0000:*33 33 00 01  00 03 f8 e4  e3 70 1d 90* 86 dd 60 0e    33.......p....`.
0010: 4e 58 00 29  11 01 fe 80  00 00 00 00  00 00 4b 54    NX.)..........KT
0020: ab b6 31 4f  96 7f ff 02  00 00 00 00  00 00 00 00    ..1O............
0030: 00 00 00 01  00 03 ce 9c  14 eb 00 29  bc 9b f9 f2    ...........)....
0040: 00 00 00 01  00 00 00 00  00 00 0f 44  45 53 4b 54    ...........DESKT
0050: 4f 50 2d 44  46 49 31 32  34 30 00 00  1c 00 01*      OP-DFI1240..... 


2026-04-16 02:01:47 DEBUG cic.cs.unb.ca.jnetpcap.PacketReader    null
********************************************************************************
0000:*33 33 00 00  00 fb f8 e4  e3 70 1d 90* 86 dd 60 02    33.......p....`.
0010: fb 93 00 2f  11 01 fe 80  00 00 00 00  00 00 4b 54    .../..........KT
0020: ab b6 31 4f  96 7f ff 02  00 00 00 00  00 00 00 00    ..1O............
0030: 00 00 00 00  00 fb 14 e9  14 e9 00 2f  bd 98 00 00    .........../....
0040: 00 00 00 01  00 00 00 00  00 00 0f 44  45 53 4b 54    ...........DESKT
0050: 4f 50 2d 44  46 49 31 32  34 30 05 6c  6f 63 61 6c    OP-DFI1240.local
0060: 00 00 01 00  01*                                      .....           


2026-04-16 02:01:47 DEBUG cic.cs.unb.ca.jnetpcap.PacketReader    null
********************************************************************************
0000:*33 33 00 00  00 fb f8 e4  e3 70 1d 90* 86 dd 60 02    33.......p....`.
0010: fb 93 00 2f  11 01 fe 80  00 00 00 00  00 00 4b 54    .../..........KT
0020: ab b6 31 4f  96 7f ff 02  00 00 00 00  00 00 00 00    ..1O............
0030: 00 00 00 00  00 fb 14 e9  14 e9 00 2f  bd 98 00 00    .........../....
0040: 00 00 00 01  00 00 00 00  00 00 0f 44  45 53 4b 54    ...........DESKT
0050: 4f 50 2d 44  46 49 31 32  34 30 05 6c  6f 63 61 6c    OP-DFI1240.local
0060: 00 00 1c 80  01*                                      .....           


2026-04-16 02:01:47 DEBUG cic.cs.unb.ca.jnetpcap.PacketReader    null
********************************************************************************
0000:*33 33 00 01  00 03 f8 e4  e3 70 1d 90* 86 dd 60 0e    33.......p....`.
0010: 4e 58 00 29  11 01 fe 80  00 00 00 00  00 00 4b 54    NX.)..........KT
0020: ab b6 31 4f  96 7f ff 02  00 00 00 00  00 00 00 00    ..1O............
0030: 00 00 00 01  00 03 ce 9c  14 eb 00 29  bc 9b f9 f2    ...........)....
0040: 00 00 00 01  00 00 00 00  00 00 0f 44  45 53 4b 54    ...........DESKT
0050: 4f 50 2d 44  46 49 31 32  34 30 00 00  1c 00 01*      OP-DFI1240..... 


2026-04-16 02:01:47 DEBUG cic.cs.unb.ca.jnetpcap.PacketReader    null
********************************************************************************
0000:*33 33 00 01  00 03 f8 e4  e3 70 1d 90* 86 dd 60 05    33.......p....`.
0010: 70 60 00 29  11 01 fe 80  00 00 00 00  00 00 4b 54    p`.)..........KT
0020: ab b6 31 4f  96 7f ff 02  00 00 00 00  00 00 00 00    ..1O............
0030: 00 00 00 01  00 03 df 6c  14 eb 00 29  bc 9b 99 92    .......l...)....
0040: 00 00 00 01  00 00 00 00  00 00 0f 44  45 53 4b 54    ...........DESKT
0050: 4f 50 2d 44  46 49 31 32  34 30 00 00  01 00 01*      OP-DFI1240..... 


2026-04-16 02:01:47 DEBUG cic.cs.unb.ca.jnetpcap.PacketReader    null
********************************************************************************
0000:*33 33 00 00  00 fb f8 e4  e3 70 1d 90* 86 dd 60 02    33.......p....`.
0010: fb 93 00 2f  11 01 fe 80  00 00 00 00  00 00 4b 54    .../..........KT
0020: ab b6 31 4f  96 7f ff 02  00 00 00 00  00 00 00 00    ..1O............
0030: 00 00 00 00  00 fb 14 e9  14 e9 00 2f  bd 98 00 00    .........../....
0040: 00 00 00 01  00 00 00 00  00 00 0f 44  45 53 4b 54    ...........DESKT
0050: 4f 50 2d 44  46 49 31 32  34 30 05 6c  6f 63 61 6c    OP-DFI1240.local
0060: 00 00 1c 00  01*                                      .....           


2026-04-16 02:01:47 DEBUG cic.cs.unb.ca.jnetpcap.PacketReader    null
********************************************************************************
0000:*33 33 00 00  00 fb f8 e4  e3 70 1d 90* 86 dd 60 02    33.......p....`.
0010: fb 93 00 2f  11 01 fe 80  00 00 00 00  00 00 4b 54    .../..........KT
0020: ab b6 31 4f  96 7f ff 02  00 00 00 00  00 00 00 00    ..1O............
0030: 00 00 00 00  00 fb 14 e9  14 e9 00 2f  bd 98 00 00    .........../....
0040: 00 00 00 01  00 00 00 00  00 00 0f 44  45 53 4b 54    ...........DESKT
0050: 4f 50 2d 44  46 49 31 32  34 30 05 6c  6f 63 61 6c    OP-DFI1240.local
0060: 00 00 01 00  01*                                      .....           


2026-04-16 02:01:47 DEBUG cic.cs.unb.ca.jnetpcap.PacketReader    null
********************************************************************************
0000:*33 33 00 00  00 fb f8 e4  e3 70 1d 90* 86 dd 60 02    33.......p....`.
0010: fb 93 00 2f  11 01 fe 80  00 00 00 00  00 00 4b 54    .../..........KT
0020: ab b6 31 4f  96 7f ff 02  00 00 00 00  00 00 00 00    ..1O............
0030: 00 00 00 00  00 fb 14 e9  14 e9 00 2f  bd 98 00 00    .........../....
0040: 00 00 00 01  00 00 00 00  00 00 0f 44  45 53 4b 54    ...........DESKT
0050: 4f 50 2d 44  46 49 31 32  34 30 05 6c  6f 63 61 6c    OP-DFI1240.local
0060: 00 00 01 00  01*                                      .....           


2026-04-16 02:01:47 DEBUG cic.cs.unb.ca.jnetpcap.PacketReader    null
********************************************************************************
0000:*33 33 00 00  00 fb f8 e4  e3 70 1d 90* 86 dd 60 02    33.......p....`.
0010: fb 93 00 2f  11 01 fe 80  00 00 00 00  00 00 4b 54    .../..........KT
0020: ab b6 31 4f  96 7f ff 02  00 00 00 00  00 00 00 00    ..1O............
0030: 00 00 00 00  00 fb 14 e9  14 e9 00 2f  bd 98 00 00    .........../....
0040: 00 00 00 01  00 00 00 00  00 00 0f 44  45 53 4b 54    ...........DESKT
0050: 4f 50 2d 44  46 49 31 32  34 30 05 6c  6f 63 61 6c    OP-DFI1240.local
0060: 00 00 1c 80  01*                                      .....           


2026-04-16 02:01:47 DEBUG cic.cs.unb.ca.jnetpcap.PacketReader    null
********************************************************************************
0000:*33 33 00 01  00 03 f8 e4  e3 70 1d 90* 86 dd 60 07    33.......p....`.
0010: 77 03 00 29  11 01 fe 80  00 00 00 00  00 00 4b 54    w..)..........KT
0020: ab b6 31 4f  96 7f ff 02  00 00 00 00  00 00 00 00    ..1O............
0030: 00 00 00 01  00 03 cd 13  14 eb 00 29  bc 9b 20 26    ...........).. &
0040: 00 00 00 01  00 00 00 00  00 00 0f 44  45 53 4b 54    ...........DESKT
0050: 4f 50 2d 44  46 49 31 32  34 30 00 00  01 00 01*      OP-DFI1240..... 


2026-04-16 02:01:47 DEBUG cic.cs.unb.ca.jnetpcap.PacketReader    null
********************************************************************************
0000:*33 33 00 01  00 03 f8 e4  e3 70 1d 90* 86 dd 60 02    33.......p....`.
0010: 36 6c 00 29  11 01 fe 80  00 00 00 00  00 00 4b 54    6l.)..........KT
0020: ab b6 31 4f  96 7f ff 02  00 00 00 00  00 00 00 00    ..1O............
0030: 00 00 00 01  00 03 e6 31  14 eb 00 29  bc 9b 09 48    .......1...)...H
0040: 00 00 00 01  00 00 00 00  00 00 0f 44  45 53 4b 54    ...........DESKT
0050: 4f 50 2d 44  46 49 31 32  34 30 00 00  1c 00 01*      OP-DFI1240..... 


2026-04-16 02:01:47 DEBUG cic.cs.unb.ca.jnetpcap.PacketReader    null
********************************************************************************
0000:*33 33 00 00  00 fb f8 e4  e3 70 1d 90* 86 dd 60 02    33.......p....`.
0010: fb 93 00 2f  11 01 fe 80  00 00 00 00  00 00 4b 54    .../..........KT
0020: ab b6 31 4f  96 7f ff 02  00 00 00 00  00 00 00 00    ..1O............
0030: 00 00 00 00  00 fb 14 e9  14 e9 00 2f  bd 98 00 00    .........../....
0040: 00 00 00 01  00 00 00 00  00 00 0f 44  45 53 4b 54    ...........DESKT
0050: 4f 50 2d 44  46 49 31 32  34 30 05 6c  6f 63 61 6c    OP-DFI1240.local
0060: 00 00 01 00  01*                                      .....           


2026-04-16 02:01:47 DEBUG cic.cs.unb.ca.jnetpcap.PacketReader    null
********************************************************************************
0000:*33 33 00 00  00 fb f8 e4  e3 70 1d 90* 86 dd 60 02    33.......p....`.
0010: fb 93 00 2f  11 01 fe 80  00 00 00 00  00 00 4b 54    .../..........KT
0020: ab b6 31 4f  96 7f ff 02  00 00 00 00  00 00 00 00    ..1O............
0030: 00 00 00 00  00 fb 14 e9  14 e9 00 2f  bd 98 00 00    .........../....
0040: 00 00 00 01  00 00 00 00  00 00 0f 44  45 53 4b 54    ...........DESKT
0050: 4f 50 2d 44  46 49 31 32  34 30 05 6c  6f 63 61 6c    OP-DFI1240.local
0060: 00 00 1c 80  01*                                      .....           


2026-04-16 02:01:47 DEBUG cic.cs.unb.ca.jnetpcap.PacketReader    null
********************************************************************************
0000:*33 33 00 01  00 03 f8 e4  e3 70 1d 90* 86 dd 60 07    33.......p....`.
0010: 77 03 00 29  11 01 fe 80  00 00 00 00  00 00 4b 54    w..)..........KT
0020: ab b6 31 4f  96 7f ff 02  00 00 00 00  00 00 00 00    ..1O............
0030: 00 00 00 01  00 03 cd 13  14 eb 00 29  bc 9b 20 26    ...........).. &
0040: 00 00 00 01  00 00 00 00  00 00 0f 44  45 53 4b 54    ...........DESKT
0050: 4f 50 2d 44  46 49 31 32  34 30 00 00  01 00 01*      OP-DFI1240..... 


2026-04-16 02:01:47 DEBUG cic.cs.unb.ca.jnetpcap.PacketReader    null
********************************************************************************
0000:*33 33 00 01  00 03 f8 e4  e3 70 1d 90* 86 dd 60 02    33.......p....`.
0010: 36 6c 00 29  11 01 fe 80  00 00 00 00  00 00 4b 54    6l.)..........KT
0020: ab b6 31 4f  96 7f ff 02  00 00 00 00  00 00 00 00    ..1O............
0030: 00 00 00 01  00 03 e6 31  14 eb 00 29  bc 9b 09 48    .......1...)...H
0040: 00 00 00 01  00 00 00 00  00 00 0f 44  45 53 4b 54    ...........DESKT
0050: 4f 50 2d 44  46 49 31 32  34 30 00 00  1c 00 01*      OP-DFI1240..... 


2026-04-16 02:01:47 DEBUG cic.cs.unb.ca.jnetpcap.PacketReader    null
********************************************************************************
0000:*33 33 00 00  00 fb f8 e4  e3 70 1d 90* 86 dd 60 02    33.......p....`.
0010: fb 93 00 2f  11 01 fe 80  00 00 00 00  00 00 4b 54    .../..........KT
0020: ab b6 31 4f  96 7f ff 02  00 00 00 00  00 00 00 00    ..1O............
0030: 00 00 00 00  00 fb 14 e9  14 e9 00 2f  bd 98 00 00    .........../....
0040: 00 00 00 01  00 00 00 00  00 00 0f 44  45 53 4b 54    ...........DESKT
0050: 4f 50 2d 44  46 49 31 32  34 30 05 6c  6f 63 61 6c    OP-DFI1240.local
0060: 00 00 01 00  01*                                      .....           


2026-04-16 02:01:47 DEBUG cic.cs.unb.ca.jnetpcap.PacketReader    null
********************************************************************************
0000:*33 33 00 00  00 fb f8 e4  e3 70 1d 90* 86 dd 60 02    33.......p....`.
0010: fb 93 00 2f  11 01 fe 80  00 00 00 00  00 00 4b 54    .../..........KT
0020: ab b6 31 4f  96 7f ff 02  00 00 00 00  00 00 00 00    ..1O............
0030: 00 00 00 00  00 fb 14 e9  14 e9 00 2f  bd 98 00 00    .........../....
0040: 00 00 00 01  00 00 00 00  00 00 0f 44  45 53 4b 54    ...........DESKT
0050: 4f 50 2d 44  46 49 31 32  34 30 05 6c  6f 63 61 6c    OP-DFI1240.local
0060: 00 00 1c 00  01*                                      .....           


2026-04-16 02:01:47 DEBUG cic.cs.unb.ca.jnetpcap.PacketReader    null
********************************************************************************
0000:*33 33 00 00  00 fb f8 e4  e3 70 1d 90* 86 dd 60 02    33.......p....`.
0010: fb 93 00 2f  11 01 fe 80  00 00 00 00  00 00 4b 54    .../..........KT
0020: ab b6 31 4f  96 7f ff 02  00 00 00 00  00 00 00 00    ..1O............
0030: 00 00 00 00  00 fb 14 e9  14 e9 00 2f  bd 98 00 00    .........../....
0040: 00 00 00 01  00 00 00 00  00 00 0f 44  45 53 4b 54    ...........DESKT
0050: 4f 50 2d 44  46 49 31 32  34 30 05 6c  6f 63 61 6c    OP-DFI1240.local
0060: 00 00 01 00  01*                                      .....           


2026-04-16 02:01:47 DEBUG cic.cs.unb.ca.jnetpcap.PacketReader    null
********************************************************************************
0000:*33 33 00 00  00 fb f8 e4  e3 70 1d 90* 86 dd 60 02    33.......p....`.
0010: fb 93 00 2f  11 01 fe 80  00 00 00 00  00 00 4b 54    .../..........KT
0020: ab b6 31 4f  96 7f ff 02  00 00 00 00  00 00 00 00    ..1O............
0030: 00 00 00 00  00 fb 14 e9  14 e9 00 2f  bd 98 00 00    .........../....
0040: 00 00 00 01  00 00 00 00  00 00 0f 44  45 53 4b 54    ...........DESKT
0050: 4f 50 2d 44  46 49 31 32  34 30 05 6c  6f 63 61 6c    OP-DFI1240.local
0060: 00 00 1c 80  01*                                      .....           


2026-04-16 02:01:47 DEBUG cic.cs.unb.ca.jnetpcap.FlowGenerator    FlagFIN current has 66 flow
2026-04-16 02:01:47 DEBUG cic.cs.unb.ca.jnetpcap.FlowGenerator    FlagFIN current has 77 flow
2026-04-16 02:01:47 DEBUG cic.cs.unb.ca.jnetpcap.FlowGenerator    FlagFIN current has 77 flow
2026-04-16 02:01:47 DEBUG cic.cs.unb.ca.jnetpcap.FlowGenerator    FlagFIN current has 78 flow
2026-04-16 02:01:47 DEBUG cic.cs.unb.ca.jnetpcap.FlowGenerator    FlagFIN current has 78 flow
2026-04-16 02:01:47 DEBUG cic.cs.unb.ca.jnetpcap.FlowGenerator    FlagFIN current has 78 flow
2026-04-16 02:01:47 DEBUG cic.cs.unb.ca.jnetpcap.FlowGenerator    FlagFIN current has 81 flow
2026-04-16 02:01:47 DEBUG cic.cs.unb.ca.jnetpcap.FlowGenerator    FlagFIN current has 88 flow
2026-04-16 02:01:47 DEBUG cic.cs.unb.ca.jnetpcap.FlowGenerator    FlagFIN current has 90 flow
2026-04-16 02:01:47 DEBUG cic.cs.unb.ca.jnetpcap.FlowGenerator    Timeout current has 100 flow
2026-04-16 02:01:47 DEBUG cic.cs.unb.ca.jnetpcap.FlowGenerator    Timeout current has 100 flow
2026-04-16 02:01:47 DEBUG cic.cs.unb.ca.jnetpcap.FlowGenerator    Timeout current has 100 flow
2026-04-16 02:01:47 DEBUG cic.cs.unb.ca.jnetpcap.FlowGenerator    FlagFIN current has 113 flow
2026-04-16 02:01:47 DEBUG cic.cs.unb.ca.jnetpcap.FlowGenerator    FlagFIN current has 112 flow
2026-04-16 02:01:47 DEBUG cic.cs.unb.ca.jnetpcap.FlowGenerator    FlagFIN current has 115 flow
2026-04-16 02:01:47 DEBUG cic.cs.unb.ca.jnetpcap.FlowGenerator    FlagFIN current has 114 flow
2026-04-16 02:01:47 DEBUG cic.cs.unb.ca.jnetpcap.FlowGenerator    FlagFIN current has 116 flow
2026-04-16 02:01:47 DEBUG cic.cs.unb.ca.jnetpcap.FlowGenerator    FlagFIN current has 116 flow
2026-04-16 02:01:47 DEBUG cic.cs.unb.ca.jnetpcap.FlowGenerator    FlagFIN current has 116 flow
2026-04-16 02:01:47 DEBUG cic.cs.unb.ca.jnetpcap.FlowGenerator    FlagFIN current has 116 flow
2026-04-16 02:01:47 DEBUG cic.cs.unb.ca.jnetpcap.FlowGenerator    FlagFIN current has 123 flow
2026-04-16 02:01:47 DEBUG cic.cs.unb.ca.jnetpcap.FlowGenerator    FlagFIN current has 123 flow
2026-04-16 02:01:47 DEBUG cic.cs.unb.ca.jnetpcap.PacketReader    Read All packets on C:\Users\House Computer\Documents\jdiida.pcap
